[2015.12.09-16.24.31:598][  0]Log file open, 12/09/15 16:24:31
[2015.12.09-16.24.31:598][  0]LogInit:Display: Running engine for game: MyGameProject1
[2015.12.09-16.24.31:599][  0]LogInit:Display: RandInit(1684019762) SRandInit(1684019763).
[2015.12.09-16.24.31:600][  0]LogTaskGraph: Started task graph with 4 named threads and 8 total threads.
[2015.12.09-16.24.31:600][  0]LogStats: Stats thread started at 0.252400
[2015.12.09-16.24.31:601][  0]LogInit: Version: 4.9.2-2707645+++depot+UE4-Releases+4.9
[2015.12.09-16.24.31:601][  0]LogInit: API Version: 2672455
[2015.12.09-16.24.31:602][  0]LogInit: Compiled (64-bit): Sep 28 2015 10:25:44
[2015.12.09-16.24.31:602][  0]LogInit: Compiled with Visual C++: 18.00.21005.01
[2015.12.09-16.24.31:603][  0]LogInit: Build Configuration: Development
[2015.12.09-16.24.31:603][  0]LogInit: Branch Name: ++depot+UE4-Releases+4.9
[2015.12.09-16.24.31:604][  0]LogInit: Command line: 
[2015.12.09-16.24.31:604][  0]LogInit: Base directory: C:/Program Files/Epic Games/4.9/Engine/Binaries/Win64/
[2015.12.09-16.24.31:605][  0]LogInit: Rocket: 1
[2015.12.09-16.24.31:652][  0]LogInit: Using libcurl 7.41.0
[2015.12.09-16.24.31:652][  0]LogInit:  - built for x86_64-pc-win32
[2015.12.09-16.24.31:653][  0]LogInit:  - supports SSL with WinSSL
[2015.12.09-16.24.31:653][  0]LogInit:  - other features:
[2015.12.09-16.24.31:653][  0]LogInit:      CURL_VERSION_SSL
[2015.12.09-16.24.31:653][  0]LogInit:      CURL_VERSION_IPV6
[2015.12.09-16.24.31:654][  0]LogInit:      CURL_VERSION_ASYNCHDNS
[2015.12.09-16.24.31:654][  0]LogInit:      CURL_VERSION_LARGEFILE
[2015.12.09-16.24.31:654][  0]LogInit:      CURL_VERSION_IDN
[2015.12.09-16.24.31:655][  0]LogInit:  CurlRequestOptions (configurable via config and command line):
[2015.12.09-16.24.31:655][  0]LogInit:  - bVerifyPeer = true  - Libcurl will verify peer certificate
[2015.12.09-16.24.31:655][  0]LogInit:  - bUseHttpProxy = false  - Libcurl will NOT use HTTP proxy
[2015.12.09-16.24.31:656][  0]LogInit:  - bDontReuseConnections = false  - Libcurl will reuse connections
[2015.12.09-16.24.31:656][  0]LogInit:  - CertBundlePath = nullptr  - Libcurl will use whatever was configured at build time.
[2015.12.09-16.24.31:707][  0]LogInit: Presizing for 0 objects not considered by GC, pre-allocating 0 bytes.
[2015.12.09-16.24.31:722][  0]LogInit: Object subsystem initialized
[2015.12.09-16.24.31:725][  0]LogInit: Selected Device Profile: [Windows]
[2015.12.09-16.24.31:725][  0]LogInit: Applying CVar settings loaded from the selected device profile: [Windows]
[2015.12.09-16.24.31:771][  0]LogInit: Computer: PC40924
[2015.12.09-16.24.31:771][  0]LogInit: User: wtang
[2015.12.09-16.24.31:771][  0]LogInit: CPU Page size=4096, Cores=6
[2015.12.09-16.24.31:772][  0]LogInit: High frequency timer resolution =3.409814 MHz
[2015.12.09-16.24.31:772][  0]LogMemory: Memory total: Physical=31.9GB (32GB approx)
[2015.12.09-16.24.31:772][  0]LogMemory: Platform Memory Stats for Windows
[2015.12.09-16.24.31:772][  0]LogMemory: Process Physical Memory: 53.93 MB used, 53.93 MB peak
[2015.12.09-16.24.31:773][  0]LogMemory: Process Virtual Memory: 55.59 MB used, 55.59 MB peak
[2015.12.09-16.24.31:773][  0]LogMemory: Physical Memory: 8378.10 MB used, 32691.78 MB total
[2015.12.09-16.24.31:773][  0]LogMemory: Virtual Memory: 334.46 MB used, 8388608.00 MB total
[2015.12.09-16.24.32:184][  0]LogTextLocalizationManager: No specific translations for ('en-GB') exist, so ('en') translations will be used.
[2015.12.09-16.24.33:030][  0]LogD3D11RHI: Found D3D11 adapter 0: NVIDIA Quadro K4000 (Feature Level 11_0)
[2015.12.09-16.24.33:030][  0]LogD3D11RHI: Adapter has 3015MB of dedicated video memory, 0MB of dedicated system memory, and 16089MB of shared system memory, 2 output[s]
[2015.12.09-16.24.33:030][  0]LogD3D11RHI: Chosen D3D11 Adapter Id = 0
[2015.12.09-16.24.33:036][  0]LogD3D11RHI: !Direct3DDevice
[2015.12.09-16.24.33:036][  0]LogRHI: Texture pool is 1361 MB (70% of 1945 MB)
[2015.12.09-16.24.33:058][  0]LogD3D11RHI: Async texture creation enabled
[2015.12.09-16.24.33:159][  0]LogShaderCompilers: Guid format shader working directory is 14 characters bigger than the processId version (E:/WenBU/Unreal Projects/MyGameProject1/Intermediate/Shaders/WorkingDirectory/14528/).
[2015.12.09-16.24.33:161][  0]LogShaderCompilers: Cleaned the shader compiler working directory 'E:/WenBU/Unreal Projects/MyGameProject1/Intermediate/Shaders/tmp/6AF6858D49F92DF7A109F680BA2AA8B4/'.
[2015.12.09-16.24.33:161][  0]LogShaderCompilers:Display: Using Local Shader Compiler.
[2015.12.09-16.24.34:970][  0]LogTemp:Display: Loaded TP AllDesktopTargetPlatform
[2015.12.09-16.24.35:002][  0]LogTemp:Display: Loaded TP WindowsClientTargetPlatform
[2015.12.09-16.24.35:022][  0]LogTemp:Display: Loaded TP WindowsNoEditorTargetPlatform
[2015.12.09-16.24.35:042][  0]LogTemp:Display: Loaded TP WindowsServerTargetPlatform
[2015.12.09-16.24.35:064][  0]LogTemp:Display: Loaded TP WindowsTargetPlatform
[2015.12.09-16.24.35:076][  0]LogTemp:Display: Loaded TP AndroidTargetPlatform
[2015.12.09-16.24.35:085][  0]LogTemp:Display: Loaded TP Android_ASTCTargetPlatform
[2015.12.09-16.24.35:095][  0]LogTemp:Display: Loaded TP Android_ATCTargetPlatform
[2015.12.09-16.24.35:105][  0]LogTemp:Display: Loaded TP Android_DXTTargetPlatform
[2015.12.09-16.24.35:116][  0]LogTemp:Display: Loaded TP Android_ETC1TargetPlatform
[2015.12.09-16.24.35:128][  0]LogTemp:Display: Loaded TP Android_ETC2TargetPlatform
[2015.12.09-16.24.35:139][  0]LogTemp:Display: Loaded TP Android_PVRTCTargetPlatform
[2015.12.09-16.24.35:145][  0]LogTemp:Display: Loaded TP HTML5TargetPlatform
[2015.12.09-16.24.35:184][  0]LogTemp:Display: Loaded TP IOSTargetPlatform
[2015.12.09-16.24.35:194][  0]LogTemp:Display: Loaded TP LinuxNoEditorTargetPlatform
[2015.12.09-16.24.35:206][  0]LogTemp:Display: Loaded TP LinuxServerTargetPlatform
[2015.12.09-16.24.35:219][  0]LogTemp:Display: Loaded TP LinuxTargetPlatform
[2015.12.09-16.24.35:220][  0]LogTargetPlatformManager:Display: Building Assets For Windows
[2015.12.09-16.24.35:708][  0]LogDerivedDataCache:Display: Max Cache Size: 512 MB
[2015.12.09-16.24.35:767][  0]LogDerivedDataCache: Loaded boot cache 0.06s 42MB C:/Users/wtang.STAFF/AppData/Local/UnrealEngine/4.9/DerivedDataCache/Boot.ddc.
[2015.12.09-16.24.35:768][  0]LogDerivedDataCache:Display: Loaded Boot cache: C:/Users/wtang.STAFF/AppData/Local/UnrealEngine/4.9/DerivedDataCache/Boot.ddc
[2015.12.09-16.24.35:769][  0]LogDerivedDataCache: FDerivedDataBackendGraph:  Pak pak cache file E:/WenBU/Unreal Projects/MyGameProject1/DerivedDataCache/DDC.ddp not found, will not use a pak cache.
[2015.12.09-16.24.35:770][  0]LogDerivedDataCache: Unable to find inner node Pak for hierarchical cache Hierarchy.
[2015.12.09-16.24.35:770][  0]LogDerivedDataCache: FDerivedDataBackendGraph:  CompressedPak pak cache file E:/WenBU/Unreal Projects/MyGameProject1/DerivedDataCache/Compressed.ddp not found, will not use a pak cache.
[2015.12.09-16.24.35:771][  0]LogDerivedDataCache: Unable to find inner node CompressedPak for hierarchical cache Hierarchy.
[2015.12.09-16.24.35:970][  0]LogDerivedDataCache:Display: Pak cache opened for reading ../../../Engine/DerivedDataCache/Compressed.ddp.
[2015.12.09-16.24.35:997][  0]LogDerivedDataCache: Using Local data cache path C:/Users/wtang.STAFF/AppData/Local/UnrealEngine/Common/DerivedDataCache: Writable
[2015.12.09-16.24.36:508][  0]LogInit: Selected Device Profile: [Windows]
[2015.12.09-16.24.36:510][  0]LogContentStreaming: Texture pool size is 0.000000MB
[2015.12.09-16.24.36:600][  0]LogMeshUtilities: No automatic mesh reduction module available
[2015.12.09-16.24.36:600][  0]LogMeshUtilities: No automatic mesh merging module available
[2015.12.09-16.24.37:380][  0]LogInit: WinSock: version 1.1 (2.2), MaxSocks=32767, MaxUdp=65467
[2015.12.09-16.24.39:454][  0]UdpMessaging: Initializing bridge on interface 0.0.0.0:0 to multicast group 230.0.0.1:6666.
[2015.12.09-16.24.39:600][  0]LogLinker:Warning: Asset 'E:/WenBU/Unreal Projects/MyGameProject1/Content/ThirdPersonCPP/Blueprints/ThirdPersonCharacter.uasset' has been saved with empty engine version. The asset will be loaded but may be incompatible.
[2015.12.09-16.24.39:601][  0]LogLinker:Warning: Asset 'E:/WenBU/Unreal Projects/MyGameProject1/Content/Mannequin/Animations/ThirdPerson_AnimBP.uasset' has been saved with empty engine version. The asset will be loaded but may be incompatible.
[2015.12.09-16.24.39:603][  0]LogLinker:Warning: Asset 'E:/WenBU/Unreal Projects/MyGameProject1/Content/Mannequin/Animations/ThirdPerson_Jump.uasset' has been saved with empty engine version. The asset will be loaded but may be incompatible.
[2015.12.09-16.24.39:607][  0]LogLinker:Warning: Asset 'E:/WenBU/Unreal Projects/MyGameProject1/Content/Mannequin/Animations/ThirdPersonJump_Loop.uasset' has been saved with empty engine version. The asset will be loaded but may be incompatible.
[2015.12.09-16.24.39:612][  0]LogLinker:Warning: Asset 'E:/WenBU/Unreal Projects/MyGameProject1/Content/Mannequin/Animations/ThirdPersonJump_Start.uasset' has been saved with empty engine version. The asset will be loaded but may be incompatible.
[2015.12.09-16.24.39:614][  0]LogLinker:Warning: Asset 'E:/WenBU/Unreal Projects/MyGameProject1/Content/Mannequin/Animations/ThirdPerson_IdleRun_2D.uasset' has been saved with empty engine version. The asset will be loaded but may be incompatible.
[2015.12.09-16.24.39:616][  0]LogLinker:Warning: Asset 'E:/WenBU/Unreal Projects/MyGameProject1/Content/Mannequin/Animations/ThirdPersonIdle.uasset' has been saved with empty engine version. The asset will be loaded but may be incompatible.
[2015.12.09-16.24.39:621][  0]LogLinker:Warning: Asset 'E:/WenBU/Unreal Projects/MyGameProject1/Content/Mannequin/Animations/ThirdPersonRun.uasset' has been saved with empty engine version. The asset will be loaded but may be incompatible.
[2015.12.09-16.24.39:623][  0]LogLinker:Warning: Asset 'E:/WenBU/Unreal Projects/MyGameProject1/Content/Mannequin/Animations/ThirdPersonWalk.uasset' has been saved with empty engine version. The asset will be loaded but may be incompatible.
[2015.12.09-16.24.40:214][  0]LogAssetRegistry: FAssetRegistry took 0.0145 seconds to start up
[2015.12.09-16.24.40:788][  0]SourceControl: Info Source control is disabled
[2015.12.09-16.24.40:807][  0]SourceControl: Info Source control is disabled
[2015.12.09-16.24.40:853][  0]SourceControl: Info Source control is disabled
[2015.12.09-16.24.40:905][  0]SourceControl: Info Source control is disabled
[2015.12.09-16.24.41:418][  0]LogLinker:Warning: Asset '../../../Engine/Plugins/Runtime/LeapMotionController/Content/LM_PassthroughMaterial.uasset' has been saved with empty engine version. The asset will be loaded but may be incompatible.
[2015.12.09-16.24.41:736][  0]LogObj: 31428 objects as part of root set at end of initial load.
[2015.12.09-16.24.41:736][  0]LogUObjectAllocator: 7122296 out of 0 bytes used by permanent object pool.
[2015.12.09-16.24.41:900][  0]LogEngine: Initializing Engine...
[2015.12.09-16.24.41:929][  0]LogHMD: Can't find Oculus library dev build: is proper Runtime installed? Version: 0.7.0.0
[2015.12.09-16.24.41:936][  0]LogHMD: SteamVR failed to initialize.  Err: 110
[2015.12.09-16.24.42:150][  0]LogAIModule: Creating AISystem for world NewWorld
[2015.12.09-16.24.42:166][  0]LogInit: XAudio2 using 'Speakers (Realtek High Definition Audio)' : 2 channels at 48 kHz using 32 bits per sample (channel mask 0x3)
[2015.12.09-16.24.42:218][  0]LogInit: FAudioDevice initialized.
[2015.12.09-16.24.42:263][  0]LogDerivedDataCache: Saved boot cache 0.04s 42MB C:/Users/wtang.STAFF/AppData/Local/UnrealEngine/4.9/DerivedDataCache/Boot.ddc.
[2015.12.09-16.24.42:268][  0]LogInit: Texture streaming: Enabled
[2015.12.09-16.24.42:291][  0]LogAnalytics: Creating configured Analytics provider AnalyticsET
[2015.12.09-16.24.42:292][  0]LogAnalytics: [UEEditor.Rocket.Release] APIServer = http://et2.epicgames.com/ET2/. AppVersion = 4.9.2-2707645+++depot+UE4-Releases+4.9
[2015.12.09-16.24.42:292][  0]LogAnalytics: [UEEditor.Rocket.Release] SetUserId 2ab207f54416abf0d5602ba73c565959|de3bff39eb7e4bfe877607a03793132e|06a000fb-df01-4fab-8049-4bf78193a4e7
[2015.12.09-16.24.42:293][  0]LogAnalytics: [UEEditor.Rocket.Release] AnalyticsET::StartSession
[2015.12.09-16.24.42:324][  0]LogInit: Transaction tracking system initialized
[2015.12.09-16.24.42:454][  0]BlueprintLog: New page: Editor Load
[2015.12.09-16.24.42:953][  0]LocalizationService: Info Localization service is disabled
[2015.12.09-16.24.43:294][  0]LogLinker:Warning: Can't find file '/Game/TwinStickCPP/TwinStickOverview'
[2015.12.09-16.24.43:295][  0]LogLinker:Warning: Can't find file '/Game/TwinStickCPP/TwinStickOverview'
[2015.12.09-16.24.43:295][  0]LogUObjectGlobals:Warning: Failed to find object 'Class /Game/TwinStickCPP/TwinStickOverview.TwinStickOverview_C'
[2015.12.09-16.24.43:348][  0]LogConsoleResponse:Display: 
[2015.12.09-16.24.43:533][  0]LogCook:Display: Done creating registry. It took  0.00s.
[2015.12.09-16.24.43:757][  0]LogFileCache: Scanning file cache for directory 'E:/WenBU/Unreal Projects/MyGameProject1/Content/' took 0.07s
[2015.12.09-16.24.43:757][  0]SourceControl: Info Source control is disabled
[2015.12.09-16.24.43:757][  0]Cmd: MAP LOAD FILE="E:/WenBU/Unreal Projects/MyGameProject1/Content/ThirdPersonCPP/Maps/ThirdPersonExampleMap.umap" TEMPLATE=0 SHOWPROGRESS=1 FEATURELEVEL=3
[2015.12.09-16.24.43:759][  0]LightingResults: New page: Lighting Build
[2015.12.09-16.24.43:766][  0]MapCheck: New page: Map Check
[2015.12.09-16.24.43:767][  0]LightingResults: New page: Lighting Build
[2015.12.09-16.24.43:777][  0]LogParticles: Destroying 0 GPU particle simulations for FXSystem 0x0000000021D22160
[2015.12.09-16.24.45:191][  0]LogAIModule: Creating AISystem for world ThirdPersonExampleMap
[2015.12.09-16.24.45:217][  0]LogEditorServer: Finished looking for orphan Actors (0.000 secs)
[2015.12.09-16.24.45:218][  0]Cmd: MAP CHECKDEP NOCLEARLOG
[2015.12.09-16.24.45:540][  0]MapCheck: Info Map check complete: 0 Error(s), 0 Warning(s), took 321.575ms to complete.
[2015.12.09-16.24.45:541][  0]LogFileHelpers: Loading map 'ThirdPersonExampleMap' took 1.784
[2015.12.09-16.24.45:668][  0]LogCollectionManager: Loaded 0 collections in 0.002931 seconds
[2015.12.09-16.24.45:739][  0]LogFileCache: Scanning file cache for directory 'E:/WenBU/Unreal Projects/MyGameProject1/Saved/Collections/' took 0.01s
[2015.12.09-16.24.45:740][  0]LogFileCache: Scanning file cache for directory 'E:/WenBU/Unreal Projects/MyGameProject1/Content/Developers/wtang/Collections/' took 0.01s
[2015.12.09-16.24.45:740][  0]LogFileCache: Scanning file cache for directory 'E:/WenBU/Unreal Projects/MyGameProject1/Content/Collections/' took 0.01s
[2015.12.09-16.24.45:741][  0]LogContentBrowser: Native class hierarchy populated in 0.0272 seconds. Added 1874 classes and 335 folders.
[2015.12.09-16.24.45:758][  0]LogCollectionManager: Rebuilt the GUID cache for 0 collections in 0.000006 seconds
[2015.12.09-16.24.45:781][  0]LogContentBrowser: Native class hierarchy updated for 'WidgetCarousel' in 0.0090 seconds. Added 0 classes and 0 folders.
[2015.12.09-16.24.45:946][  0]LogContentBrowser: Native class hierarchy updated for 'AddContentDialog' in 0.0042 seconds. Added 0 classes and 0 folders.
[2015.12.09-16.24.45:989][  0]LogContentBrowser: Native class hierarchy updated for 'SceneOutliner' in 0.0066 seconds. Added 1 classes and 2 folders.
[2015.12.09-16.24.46:060][  0]LogCrashTracker: Crashtracker disabled due to settings.
[2015.12.09-16.24.46:063][  0]LogUObjectGlobals:Warning: Failed to find object 'Class None.'
[2015.12.09-16.24.46:088][  0]LogLoad: Full Startup: 17.03 seconds (BP compile: 0.52 seconds)
[2015.12.09-16.24.46:099][  0]LoadErrors:Error: Error /Game/ThirdPersonCPP/Maps/ThirdPersonExampleMap : Failed import for SphereComponent /Game/ThirdPersonCPP/Blueprints/BP_MyProject1Character0.Default__BP_MyProject1Character0_C:CollectionSphere
[2015.12.09-16.24.46:099][  0]LoadErrors:Error: Error /Game/ThirdPersonCPP/Maps/ThirdPersonExampleMap : Failed import for SphereComponent /Game/ThirdPersonCPP/Blueprints/MyChibiCharacter1.Default__MyChibiCharacter1_C:CollectionSphere
[2015.12.09-16.24.46:099][  0]LoadErrors:Error: Error /Game/ThirdPersonCPP/Maps/ThirdPersonExampleMap : Failed import for SphereComponent /Game/ThirdPersonCPP/Blueprints/MyChibiCharacter2.Default__MyChibiCharacter2_C:CollectionSphere
[2015.12.09-16.24.46:100][  0]LoadErrors:Error: Error /Game/ThirdPersonCPP/Maps/ThirdPersonExampleMap : Failed import for SphereComponent /Game/ThirdPersonCPP/Blueprints/MyChibiCharacter3.Default__MyChibiCharacter3_C:CollectionSphere
[2015.12.09-16.24.46:100][  0]LoadErrors:Error: Error /Game/ThirdPersonCPP/Maps/ThirdPersonExampleMap : Failed import for SphereComponent /Game/ThirdPersonCPP/Blueprints/ThirdPersonCharacter.Default__ThirdPersonCharacter_C:CollectionSphere
[2015.12.09-16.24.46:144][  0]LogContentStreaming: Texture pool size now 1000 MB
[2015.12.09-16.24.46:456][  3]LogRenderer: Reallocating scene render targets to support 128x128 (Frame:1).
[2015.12.09-16.24.46:850][  4]LogRenderer: Reallocating scene render targets to support 256x256 (Frame:2).
[2015.12.09-16.24.47:083][  7]LogAssetRegistry: Asset discovery search completed in 6.8838 seconds
[2015.12.09-16.24.47:084][  7]LogCollectionManager: Rebuilt the object cache for 0 collections in 0.000001 seconds (found 0 objects)
[2015.12.09-16.24.47:084][  7]LogCollectionManager: Fixed up redirectors for 0 collections in 0.000292 seconds (updated 0 objects)
[2015.12.09-16.25.43:213][317]LogAIModule: Creating AISystem for world demo
[2015.12.09-16.25.43:215][317]LogMaterial:Warning: Material /Game/Tower_Defence/materials/Props/Leaves.Leaves needed to have new flag set bUsedWithInstancedStaticMeshes !
[2015.12.09-16.25.43:226][317]LogMaterial: Missing cached shader map for material Leaves, compiling. 
[2015.12.09-16.25.43:320][317]MapCheck:Warning: Warning Leaves Material /Game/Tower_Defence/materials/Props/Leaves.Leaves was missing the usage flag bUsedWithInstancedStaticMeshes. If the material asset is not re-saved, it may not render correctly when run outside the editor. Fix
[2015.12.09-16.25.43:341][317]LogMaterial: 0.000168 seconds spent updating 1 materials, 1 interfaces, 0 instances, 0 with static permutations.
[2015.12.09-16.25.43:342][317]LogMaterial:Warning: Material /Game/Tower_Defence/materials/Props/Tree_bark.Tree_bark needed to have new flag set bUsedWithInstancedStaticMeshes !
[2015.12.09-16.25.43:345][317]LogMaterial: Missing cached shader map for material Tree_bark, compiling. 
[2015.12.09-16.25.43:377][317]MapCheck:Warning: Warning Tree_bark Material /Game/Tower_Defence/materials/Props/Tree_bark.Tree_bark was missing the usage flag bUsedWithInstancedStaticMeshes. If the material asset is not re-saved, it may not render correctly when run outside the editor. Fix
[2015.12.09-16.25.43:378][317]LogMaterial: 0.000210 seconds spent updating 1 materials, 1 interfaces, 0 instances, 0 with static permutations.
[2015.12.09-16.25.43:380][317]LogMaterial:Warning: Material /Game/Tower_Defence/materials/Props/Rocks.Rocks needed to have new flag set bUsedWithInstancedStaticMeshes !
[2015.12.09-16.25.43:383][317]LogMaterial: Missing cached shader map for material Rocks, compiling. 
[2015.12.09-16.25.43:399][317]MapCheck:Warning: Warning Rocks Material /Game/Tower_Defence/materials/Props/Rocks.Rocks was missing the usage flag bUsedWithInstancedStaticMeshes. If the material asset is not re-saved, it may not render correctly when run outside the editor. Fix
[2015.12.09-16.25.43:400][317]LogMaterial: 0.000217 seconds spent updating 1 materials, 1 interfaces, 0 instances, 0 with static permutations.
[2015.12.09-16.25.44:319][317]LogActorComponent: UnregisterComponent: (/Engine/Transient.CharMoveComp) Not registered. Aborting.
[2015.12.09-16.25.44:377][317]Cmd: MAP LOAD FILE="E:/WenBU/Unreal Projects/MyGameProject1/Content/Tower_Defence/Maps/demo.umap" TEMPLATE=0 SHOWPROGRESS=1 FEATURELEVEL=3
[2015.12.09-16.25.44:378][317]LightingResults: New page: Lighting Build
[2015.12.09-16.25.44:454][317]LoadErrors: New page: Loading map: demo.umap
[2015.12.09-16.25.44:458][317]MapCheck: New page: Map Check
[2015.12.09-16.25.44:459][317]LightingResults: New page: Lighting Build
[2015.12.09-16.25.44:480][317]LogParticles: Destroying 0 GPU particle simulations for FXSystem 0x0000000026B9AA20
[2015.12.09-16.25.45:653][317]LogEditorServer: Finished looking for orphan Actors (0.000 secs)
[2015.12.09-16.25.45:711][317]Cmd: MAP CHECKDEP NOCLEARLOG
[2015.12.09-16.25.46:304][317]MapCheck: Info Map check complete: 0 Error(s), 0 Warning(s), took 592.689ms to complete.
[2015.12.09-16.25.46:307][317]LogFileHelpers: Loading map 'demo' took 1.930
[2015.12.09-16.25.46:362][318]Cmd: UpdateLandscapeEditorData -warnings
[2015.12.09-16.25.46:373][318]Cmd: UpdateLandscapeEditorData
[2015.12.09-16.25.52:449][953]LogBlueprintUserMessages: Early PlayInEditor Detection: Level '/Game/Tower_Defence/Maps/demo.demo:PersistentLevel' has LevelScriptBlueprint '/Game/Tower_Defence/Maps/demo.demo:PersistentLevel.demo' with GeneratedClass '/Game/Tower_Defence/Maps/demo.demo_C' with ClassGeneratedBy '/Game/Tower_Defence/Maps/demo.demo:PersistentLevel.demo'
[2015.12.09-16.25.52:450][953]LogPlayLevel: PlayLevel: No blueprints needed recompiling
[2015.12.09-16.25.52:451][953]PIE: New page: PIE session: demo (9 Dec 2015 16:25:52)
[2015.12.09-16.25.52:451][953]LogPlayLevel: Creating play world package: /Game/Tower_Defence/Maps/UEDPIE_0_demo
[2015.12.09-16.25.52:591][953]LogPlayLevel: PIE: StaticDuplicateObject took: (0.139140s)
[2015.12.09-16.25.52:592][953]LogAIModule: Creating AISystem for world demo
[2015.12.09-16.25.52:593][953]LogPlayLevel: PIE: World Init took: (0.001077s)
[2015.12.09-16.25.52:594][953]LogPlayLevel: PIE: Created PIE world by copying editor world from /Game/Tower_Defence/Maps/demo.demo to /Game/Tower_Defence/Maps/UEDPIE_0_demo.demo (0.142461s)
[2015.12.09-16.25.52:594][953]LogActorComponent: UnregisterComponent: (/Engine/Transient.CharMoveComp) Not registered. Aborting.
[2015.12.09-16.25.52:597][953]LogActorComponent: UnregisterComponent: (/Engine/Transient.CharacterMovementComponent_0) Not registered. Aborting.
[2015.12.09-16.25.52:600][953]LogActorComponent: UnregisterComponent: (/Engine/Transient.CharacterMovementComponent_1) Not registered. Aborting.
[2015.12.09-16.25.52:603][953]LogActorComponent: UnregisterComponent: (/Engine/Transient.CharacterMovementComponent_2) Not registered. Aborting.
[2015.12.09-16.25.52:606][953]LogActorComponent: UnregisterComponent: (/Engine/Transient.CharacterMovementComponent_3) Not registered. Aborting.
[2015.12.09-16.25.52:608][953]LogActorComponent: UnregisterComponent: (/Engine/Transient.CharacterMovementComponent_4) Not registered. Aborting.
[2015.12.09-16.25.52:640][953]LogInit: XAudio2 using 'Speakers (Realtek High Definition Audio)' : 2 channels at 48 kHz using 32 bits per sample (channel mask 0x3)
[2015.12.09-16.25.52:659][953]LogInit: FAudioDevice initialized.
[2015.12.09-16.25.52:736][953]LogWorld: Game class is 'StartMenuMode_C'
[2015.12.09-16.25.53:817][953]LogWorld: Bringing World /Game/Tower_Defence/Maps/UEDPIE_0_demo.demo up for play (max tick rate 0) at 2015.12.09-16.25.53
[2015.12.09-16.25.53:818][953]LogActor:Warning: GameSession /Game/Tower_Defence/Maps/UEDPIE_0_demo.demo:PersistentLevel.GameSession_0 has natively added scene component(s), but none of them were set as the actor's RootComponent - picking one arbitrarily
[2015.12.09-16.25.53:819][953]LogActor:Warning: GameNetworkManager /Game/Tower_Defence/Maps/UEDPIE_0_demo.demo:PersistentLevel.GameNetworkManager_0 has natively added scene component(s), but none of them were set as the actor's RootComponent - picking one arbitrarily
[2015.12.09-16.25.53:842][953]LogWorld: Bringing up level for play took: 1.103714
[2015.12.09-16.25.53:868][953]PIE: Info Play in editor start time for /Game/Tower_Defence/Maps/UEDPIE_0_demo 1.784
[2015.12.09-16.25.53:869][953]LogBlueprintUserMessages: Late PlayInEditor Detection: Level '/Game/Tower_Defence/Maps/demo.demo:PersistentLevel' has LevelScriptBlueprint '/Game/Tower_Defence/Maps/demo.demo:PersistentLevel.demo' with GeneratedClass '/Game/Tower_Defence