[2015.12.04-13.51.09:986][  0]Log file open, 12/04/15 13:51:09
[2015.12.04-13.51.09:986][  0]LogInit:Display: Running engine without a game
[2015.12.04-13.51.09:986][  0]LogInit:Display: Loading recent project file: E:/WenBU/Unreal Projects/MyGameProject1/MyGameProject1.uproject
[2015.12.04-13.51.09:986][  0]LogInit:Display: RandInit(1202784406) SRandInit(1202784408).
[2015.12.04-13.51.09:986][  0]LogTaskGraph: Started task graph with 4 named threads and 8 total threads.
[2015.12.04-13.51.09:986][  0]LogStats: Stats thread started at 0.138381
[2015.12.04-13.51.09:986][  0]LogInit: Version: 4.9.2-2707645+++depot+UE4-Releases+4.9
[2015.12.04-13.51.09:986][  0]LogInit: API Version: 2672455
[2015.12.04-13.51.09:986][  0]LogInit: Compiled (64-bit): Sep 28 2015 10:25:44
[2015.12.04-13.51.09:986][  0]LogInit: Compiled with Visual C++: 18.00.21005.01
[2015.12.04-13.51.09:986][  0]LogInit: Build Configuration: Development
[2015.12.04-13.51.09:986][  0]LogInit: Branch Name: ++depot+UE4-Releases+4.9
[2015.12.04-13.51.09:986][  0]LogInit: Command line: 
[2015.12.04-13.51.09:986][  0]LogInit: Base directory: C:/Program Files/Epic Games/4.9/Engine/Binaries/Win64/
[2015.12.04-13.51.09:986][  0]LogInit: Rocket: 1
[2015.12.04-13.51.10:009][  0]LogInit: Using libcurl 7.41.0
[2015.12.04-13.51.10:009][  0]LogInit:  - built for x86_64-pc-win32
[2015.12.04-13.51.10:009][  0]LogInit:  - supports SSL with WinSSL
[2015.12.04-13.51.10:009][  0]LogInit:  - other features:
[2015.12.04-13.51.10:009][  0]LogInit:      CURL_VERSION_SSL
[2015.12.04-13.51.10:009][  0]LogInit:      CURL_VERSION_IPV6
[2015.12.04-13.51.10:009][  0]LogInit:      CURL_VERSION_ASYNCHDNS
[2015.12.04-13.51.10:009][  0]LogInit:      CURL_VERSION_LARGEFILE
[2015.12.04-13.51.10:009][  0]LogInit:      CURL_VERSION_IDN
[2015.12.04-13.51.10:009][  0]LogInit:  CurlRequestOptions (configurable via config and command line):
[2015.12.04-13.51.10:009][  0]LogInit:  - bVerifyPeer = true  - Libcurl will verify peer certificate
[2015.12.04-13.51.10:009][  0]LogInit:  - bUseHttpProxy = false  - Libcurl will NOT use HTTP proxy
[2015.12.04-13.51.10:009][  0]LogInit:  - bDontReuseConnections = false  - Libcurl will reuse connections
[2015.12.04-13.51.10:009][  0]LogInit:  - CertBundlePath = nullptr  - Libcurl will use whatever was configured at build time.
[2015.12.04-13.51.10:019][  0]LogInit: Presizing for 0 objects not considered by GC, pre-allocating 0 bytes.
[2015.12.04-13.51.10:027][  0]LogInit: Object subsystem initialized
[2015.12.04-13.51.10:028][  0]LogInit: Selected Device Profile: [Windows]
[2015.12.04-13.51.10:028][  0]LogInit: Applying CVar settings loaded from the selected device profile: [Windows]
[2015.12.04-13.51.10:049][  0]LogInit: Computer: PC40924
[2015.12.04-13.51.10:049][  0]LogInit: User: wtang
[2015.12.04-13.51.10:049][  0]LogInit: CPU Page size=4096, Cores=6
[2015.12.04-13.51.10:049][  0]LogInit: High frequency timer resolution =3.409804 MHz
[2015.12.04-13.51.10:050][  0]LogMemory: Memory total: Physical=31.9GB (32GB approx)
[2015.12.04-13.51.10:050][  0]LogMemory: Platform Memory Stats for Windows
[2015.12.04-13.51.10:050][  0]LogMemory: Process Physical Memory: 56.09 MB used, 56.09 MB peak
[2015.12.04-13.51.10:050][  0]LogMemory: Process Virtual Memory: 58.31 MB used, 58.31 MB peak
[2015.12.04-13.51.10:050][  0]LogMemory: Physical Memory: 8338.11 MB used, 32691.78 MB total
[2015.12.04-13.51.10:050][  0]LogMemory: Virtual Memory: 339.46 MB used, 8388608.00 MB total
[2015.12.04-13.51.10:200][  0]LogTextLocalizationManager: No specific translations for ('en-GB') exist, so ('en') translations will be used.
[2015.12.04-13.51.10:881][  0]LogD3D11RHI: Found D3D11 adapter 0: NVIDIA Quadro K4000 (Feature Level 11_0)
[2015.12.04-13.51.10:881][  0]LogD3D11RHI: Adapter has 3015MB of dedicated video memory, 0MB of dedicated system memory, and 16089MB of shared system memory, 2 output[s]
[2015.12.04-13.51.10:881][  0]LogD3D11RHI: Chosen D3D11 Adapter Id = 0
[2015.12.04-13.51.10:886][  0]LogD3D11RHI: !Direct3DDevice
[2015.12.04-13.51.10:886][  0]LogRHI: Texture pool is 1361 MB (70% of 1945 MB)
[2015.12.04-13.51.10:906][  0]LogD3D11RHI: Async texture creation enabled
[2015.12.04-13.51.10:916][  0]LogShaderCompilers: Guid format shader working directory is 14 characters bigger than the processId version (E:/WenBU/Unreal Projects/MyGameProject1/Intermediate/Shaders/WorkingDirectory/10308/).
[2015.12.04-13.51.10:916][  0]LogShaderCompilers: Cleaned the shader compiler working directory 'E:/WenBU/Unreal Projects/MyGameProject1/Intermediate/Shaders/tmp/BF936CAB46073ADAD4F16992EE081990/'.
[2015.12.04-13.51.10:916][  0]LogShaderCompilers:Display: Using Local Shader Compiler.
[2015.12.04-13.51.12:481][  0]LogTemp:Display: Loaded TP AllDesktopTargetPlatform
[2015.12.04-13.51.12:489][  0]LogTemp:Display: Loaded TP WindowsClientTargetPlatform
[2015.12.04-13.51.12:496][  0]LogTemp:Display: Loaded TP WindowsNoEditorTargetPlatform
[2015.12.04-13.51.12:504][  0]LogTemp:Display: Loaded TP WindowsServerTargetPlatform
[2015.12.04-13.51.12:517][  0]LogTemp:Display: Loaded TP WindowsTargetPlatform
[2015.12.04-13.51.12:534][  0]LogTemp:Display: Loaded TP AndroidTargetPlatform
[2015.12.04-13.51.12:539][  0]LogTemp:Display: Loaded TP Android_ASTCTargetPlatform
[2015.12.04-13.51.12:545][  0]LogTemp:Display: Loaded TP Android_ATCTargetPlatform
[2015.12.04-13.51.12:551][  0]LogTemp:Display: Loaded TP Android_DXTTargetPlatform
[2015.12.04-13.51.12:557][  0]LogTemp:Display: Loaded TP Android_ETC1TargetPlatform
[2015.12.04-13.51.12:563][  0]LogTemp:Display: Loaded TP Android_ETC2TargetPlatform
[2015.12.04-13.51.12:570][  0]LogTemp:Display: Loaded TP Android_PVRTCTargetPlatform
[2015.12.04-13.51.12:572][  0]LogTemp:Display: Loaded TP HTML5TargetPlatform
[2015.12.04-13.51.12:597][  0]LogTemp:Display: Loaded TP IOSTargetPlatform
[2015.12.04-13.51.12:611][  0]LogTemp:Display: Loaded TP LinuxNoEditorTargetPlatform
[2015.12.04-13.51.12:624][  0]LogTemp:Display: Loaded TP LinuxServerTargetPlatform
[2015.12.04-13.51.12:630][  0]LogTemp:Display: Loaded TP LinuxTargetPlatform
[2015.12.04-13.51.12:630][  0]LogTargetPlatformManager:Display: Building Assets For Windows
[2015.12.04-13.51.12:827][  0]LogDerivedDataCache:Display: Max Cache Size: 512 MB
[2015.12.04-13.51.12:869][  0]LogDerivedDataCache: Loaded boot cache 0.04s 42MB C:/Users/wtang.STAFF/AppData/Local/UnrealEngine/4.9/DerivedDataCache/Boot.ddc.
[2015.12.04-13.51.12:869][  0]LogDerivedDataCache:Display: Loaded Boot cache: C:/Users/wtang.STAFF/AppData/Local/UnrealEngine/4.9/DerivedDataCache/Boot.ddc
[2015.12.04-13.51.12:869][  0]LogDerivedDataCache: FDerivedDataBackendGraph:  Pak pak cache file E:/WenBU/Unreal Projects/MyGameProject1/DerivedDataCache/DDC.ddp not found, will not use a pak cache.
[2015.12.04-13.51.12:869][  0]LogDerivedDataCache: Unable to find inner node Pak for hierarchical cache Hierarchy.
[2015.12.04-13.51.12:869][  0]LogDerivedDataCache: FDerivedDataBackendGraph:  CompressedPak pak cache file E:/WenBU/Unreal Projects/MyGameProject1/DerivedDataCache/Compressed.ddp not found, will not use a pak cache.
[2015.12.04-13.51.12:869][  0]LogDerivedDataCache: Unable to find inner node CompressedPak for hierarchical cache Hierarchy.
[2015.12.04-13.51.13:030][  0]LogDerivedDataCache:Display: Pak cache opened for reading ../../../Engine/DerivedDataCache/Compressed.ddp.
[2015.12.04-13.51.13:051][  0]LogDerivedDataCache: Using Local data cache path C:/Users/wtang.STAFF/AppData/Local/UnrealEngine/Common/DerivedDataCache: Writable
[2015.12.04-13.51.13:380][  0]LogInit: Selected Device Profile: [Windows]
[2015.12.04-13.51.13:381][  0]LogContentStreaming: Texture pool size is 0.000000MB
[2015.12.04-13.51.13:427][  0]LogMeshUtilities: No automatic mesh reduction module available
[2015.12.04-13.51.13:427][  0]LogMeshUtilities: No automatic mesh merging module available
[2015.12.04-13.51.13:975][  0]LogInit: WinSock: version 1.1 (2.2), MaxSocks=32767, MaxUdp=65467
[2015.12.04-13.51.15:741][  0]UdpMessaging: Initializing bridge on interface 0.0.0.0:0 to multicast group 230.0.0.1:6666.
[2015.12.04-13.51.15:860][  0]LogLinker:Warning: Asset 'E:/WenBU/Unreal Projects/MyGameProject1/Content/ThirdPersonCPP/Blueprints/ThirdPersonCharacter.uasset' has been saved with empty engine version. The asset will be loaded but may be incompatible.
[2015.12.04-13.51.15:861][  0]LogLinker:Warning: Asset 'E:/WenBU/Unreal Projects/MyGameProject1/Content/Mannequin/Animations/ThirdPerson_AnimBP.uasset' has been saved with empty engine version. The asset will be loaded but may be incompatible.
[2015.12.04-13.51.15:862][  0]LogLinker:Warning: Asset 'E:/WenBU/Unreal Projects/MyGameProject1/Content/Mannequin/Animations/ThirdPerson_Jump.uasset' has been saved with empty engine version. The asset will be loaded but may be incompatible.
[2015.12.04-13.51.15:865][  0]LogLinker:Warning: Asset 'E:/WenBU/Unreal Projects/MyGameProject1/Content/Mannequin/Animations/ThirdPersonJump_Loop.uasset' has been saved with empty engine version. The asset will be loaded but may be incompatible.
[2015.12.04-13.51.15:866][  0]LogLinker:Warning: Asset 'E:/WenBU/Unreal Projects/MyGameProject1/Content/Mannequin/Animations/ThirdPersonJump_Start.uasset' has been saved with empty engine version. The asset will be loaded but may be incompatible.
[2015.12.04-13.51.15:868][  0]LogLinker:Warning: Asset 'E:/WenBU/Unreal Projects/MyGameProject1/Content/Mannequin/Animations/ThirdPerson_IdleRun_2D.uasset' has been saved with empty engine version. The asset will be loaded but may be incompatible.
[2015.12.04-13.51.15:869][  0]LogLinker:Warning: Asset 'E:/WenBU/Unreal Projects/MyGameProject1/Content/Mannequin/Animations/ThirdPersonIdle.uasset' has been saved with empty engine version. The asset will be loaded but may be incompatible.
[2015.12.04-13.51.15:870][  0]LogLinker:Warning: Asset 'E:/WenBU/Unreal Projects/MyGameProject1/Content/Mannequin/Animations/ThirdPersonRun.uasset' has been saved with empty engine version. The asset will be loaded but may be incompatible.
[2015.12.04-13.51.15:872][  0]LogLinker:Warning: Asset 'E:/WenBU/Unreal Projects/MyGameProject1/Content/Mannequin/Animations/ThirdPersonWalk.uasset' has been saved with empty engine version. The asset will be loaded but may be incompatible.
[2015.12.04-13.51.16:349][  0]LogAssetRegistry: FAssetRegistry took 0.0152 seconds to start up
[2015.12.04-13.51.16:684][  0]SourceControl: Info Source control is disabled
[2015.12.04-13.51.16:699][  0]SourceControl: Info Source control is disabled
[2015.12.04-13.51.16:731][  0]SourceControl: Info Source control is disabled
[2015.12.04-13.51.16:764][  0]SourceControl: Info Source control is disabled
[2015.12.04-13.51.17:187][  0]LogLinker:Warning: Asset '../../../Engine/Plugins/Runtime/LeapMotionController/Content/LM_PassthroughMaterial.uasset' has been saved with empty engine version. The asset will be loaded but may be incompatible.
[2015.12.04-13.51.17:414][  0]LogObj: 31428 objects as part of root set at end of initial load.
[2015.12.04-13.51.17:414][  0]LogUObjectAllocator: 7122288 out of 0 bytes used by permanent object pool.
[2015.12.04-13.51.17:481][  0]LogEngine: Initializing Engine...
[2015.12.04-13.51.17:495][  0]LogHMD: Can't find Oculus library dev build: is proper Runtime installed? Version: 0.7.0.0
[2015.12.04-13.51.17:497][  0]LogHMD: SteamVR failed to initialize.  Err: 110
[2015.12.04-13.51.17:637][  0]LogAIModule: Creating AISystem for world NewWorld
[2015.12.04-13.51.17:644][  0]LogInit: XAudio2 using 'Speakers (Realtek High Definition Audio)' : 2 channels at 48 kHz using 32 bits per sample (channel mask 0x3)
[2015.12.04-13.51.17:740][  0]LogInit: FAudioDevice initialized.
[2015.12.04-13.51.17:800][  0]LogDerivedDataCache: Saved boot cache 0.06s 42MB C:/Users/wtang.STAFF/AppData/Local/UnrealEngine/4.9/DerivedDataCache/Boot.ddc.
[2015.12.04-13.51.17:807][  0]LogInit: Texture streaming: Enabled
[2015.12.04-13.51.17:818][  0]LogAnalytics: Creating configured Analytics provider AnalyticsET
[2015.12.04-13.51.17:818][  0]LogAnalytics: [UEEditor.Rocket.Release] APIServer = http://et2.epicgames.com/ET2/. AppVersion = 4.9.2-2707645+++depot+UE4-Releases+4.9
[2015.12.04-13.51.17:818][  0]LogAnalytics: [UEEditor.Rocket.Release] SetUserId 2ab207f54416abf0d5602ba73c565959|de3bff39eb7e4bfe877607a03793132e|06a000fb-df01-4fab-8049-4bf78193a4e7
[2015.12.04-13.51.17:818][  0]LogAnalytics: [UEEditor.Rocket.Release] AnalyticsET::StartSession
[2015.12.04-13.51.17:875][  0]LogInit: Transaction tracking system initialized
[2015.12.04-13.51.17:916][  0]BlueprintLog: New page: Editor Load
[2015.12.04-13.51.18:093][  0]LocalizationService: Info Localization service is disabled
[2015.12.04-13.51.18:211][  0]LogLinker:Warning: Can't find file '/Game/TwinStickCPP/TwinStickOverview'
[2015.12.04-13.51.18:212][  0]LogLinker:Warning: Can't find file '/Game/TwinStickCPP/TwinStickOverview'
[2015.12.04-13.51.18:212][  0]LogUObjectGlobals:Warning: Failed to find object 'Class /Game/TwinStickCPP/TwinStickOverview.TwinStickOverview_C'
[2015.12.04-13.51.18:231][  0]LogConsoleResponse:Display: 
[2015.12.04-13.51.18:403][  0]LogCook:Display: Done creating registry. It took  0.00s.
[2015.12.04-13.51.18:518][  0]LogFileCache: Scanning file cache for directory 'E:/WenBU/Unreal Projects/MyGameProject1/Content/' took 0.05s
[2015.12.04-13.51.18:518][  0]SourceControl: Info Source control is disabled
[2015.12.04-13.51.18:518][  0]Cmd: MAP LOAD FILE="E:/WenBU/Unreal Projects/MyGameProject1/Content/ThirdPersonCPP/Maps/ThirdPersonExampleMap.umap" TEMPLATE=0 SHOWPROGRESS=1 FEATURELEVEL=3
[2015.12.04-13.51.18:519][  0]LightingResults: New page: Lighting Build
[2015.12.04-13.51.18:523][  0]MapCheck: New page: Map Check
[2015.12.04-13.51.18:523][  0]LightingResults: New page: Lighting Build
[2015.12.04-13.51.18:533][  0]LogParticles: Destroying 0 GPU particle simulations for FXSystem 0x0000000022AE2160
[2015.12.04-13.51.19:736][  0]LogAIModule: Creating AISystem for world ThirdPersonExampleMap
[2015.12.04-13.51.19:753][  0]LogEditorServer: Finished looking for orphan Actors (0.000 secs)
[2015.12.04-13.51.19:753][  0]Cmd: MAP CHECKDEP NOCLEARLOG
[2015.12.04-13.51.20:053][  0]MapCheck: Info Map check complete: 0 Error(s), 0 Warning(s), took 299.076ms to complete.
[2015.12.04-13.51.20:053][  0]LogFileHelpers: Loading map 'ThirdPersonExampleMap' took 1.535
[2015.12.04-13.51.20:141][  0]LogCollectionManager: Loaded 0 collections in 0.002524 seconds
[2015.12.04-13.51.20:195][  0]LogFileCache: Scanning file cache for directory 'E:/WenBU/Unreal Projects/MyGameProject1/Saved/Collections/' took 0.01s
[2015.12.04-13.51.20:195][  0]LogFileCache: Scanning file cache for directory 'E:/WenBU/Unreal Projects/MyGameProject1/Content/Developers/wtang/Collections/' took 0.01s
[2015.12.04-13.51.20:195][  0]LogFileCache: Scanning file cache for directory 'E:/WenBU/Unreal Projects/MyGameProject1/Content/Collections/' took 0.01s
[2015.12.04-13.51.20:195][  0]LogContentBrowser: Native class hierarchy populated in 0.0112 seconds. Added 1874 classes and 335 folders.
[2015.12.04-13.51.20:205][  0]LogCollectionManager: Rebuilt the GUID cache for 0 collections in 0.000003 seconds
[2015.12.04-13.51.20:216][  0]LogContentBrowser: Native class hierarchy updated for 'WidgetCarousel' in 0.0040 seconds. Added 0 classes and 0 folders.
[2015.12.04-13.51.20:358][  0]LogContentBrowser: Native class hierarchy updated for 'AddContentDialog' in 0.0041 seconds. Added 0 classes and 0 folders.
[2015.12.04-13.51.20:367][  0]LogContentBrowser: Native class hierarchy updated for 'SceneOutliner' in 0.0040 seconds. Added 1 classes and 2 folders.
[2015.12.04-13.51.20:419][  0]LogCrashTracker: Crashtracker disabled due to settings.
[2015.12.04-13.51.20:422][  0]LogUObjectGlobals:Warning: Failed to find object 'Class None.'
[2015.12.04-13.51.20:449][  0]LogLoad: Full Startup: 12.72 seconds (BP compile: 0.45 seconds)
[2015.12.04-13.51.20:458][  0]LoadErrors:Error: Error /Game/ThirdPersonCPP/Maps/ThirdPersonExampleMap : Failed import for SphereComponent /Game/ThirdPersonCPP/Blueprints/BP_MyProject1Character0.Default__BP_MyProject1Character0_C:CollectionSphere
[2015.12.04-13.51.20:458][  0]LoadErrors:Error: Error /Game/ThirdPersonCPP/Maps/ThirdPersonExampleMap : Failed import for SphereComponent /Game/ThirdPersonCPP/Blueprints/MyChibiCharacter1.Default__MyChibiCharacter1_C:CollectionSphere
[2015.12.04-13.51.20:459][  0]LoadErrors:Error: Error /Game/ThirdPersonCPP/Maps/ThirdPersonExampleMap : Failed import for SphereComponent /Game/ThirdPersonCPP/Blueprints/MyChibiCharacter2.Default__MyChibiCharacter2_C:CollectionSphere
[2015.12.04-13.51.20:459][  0]LoadErrors:Error: Error /Game/ThirdPersonCPP/Maps/ThirdPersonExampleMap : Failed import for SphereComponent /Game/ThirdPersonCPP/Blueprints/MyChibiCharacter3.Default__MyChibiCharacter3_C:CollectionSphere
[2015.12.04-13.51.20:459][  0]LoadErrors:Error: Error /Game/ThirdPersonCPP/Maps/ThirdPersonExampleMap : Failed import for SphereComponent /Game/ThirdPersonCPP/Blueprints/ThirdPersonCharacter.Default__ThirdPersonCharacter_C:CollectionSphere
[2015.12.04-13.51.20:488][  0]LogContentStreaming: Texture pool size now 1000 MB
[2015.12.04-13.51.20:704][  3]LogRenderer: Reallocating scene render targets to support 256x256 (Frame:2).
[2015.12.04-13.51.21:007][  7]LogAssetRegistry: Asset discovery search completed in 4.6739 seconds
[2015.12.04-13.51.21:007][  7]LogCollectionManager: Rebuilt the object cache for 0 collections in 0.000001 seconds (found 0 objects)
[2015.12.04-13.51.21:007][  7]LogCollectionManager: Fixed up redirectors for 0 collections in 0.000023 seconds (updated 0 objects)
[2015.12.04-13.52.47:174][140]LogGameProjectGeneration:Verbose: 'C:/Program Files/Epic Games/4.9/Templates/TP_TwinStick/Media/TP_TwinStick.png': Skipping as it is in an ignored folder 'Media'
[2015.12.04-13.52.47:174][140]LogGameProjectGeneration:Verbose: 'C:/Program Files/Epic Games/4.9/Templates/TP_TwinStick/Media/TP_TwinStick_Preview.png': Skipping as it is in an ignored folder 'Media'
[2015.12.04-13.52.47:174][140]LogGameProjectGeneration:Verbose: 'C:/Program Files/Epic Games/4.9/Templates/TP_TwinStick/Source/TP_TwinStick.Target.cs': Renaming to 'Source//twinstick.Target' as it matched file rename ('TP_TwinStick'->'twinstick')
[2015.12.04-13.52.47:193][140]LogGameProjectGeneration:Verbose: 'C:/Program Files/Epic Games/4.9/Templates/TP_TwinStick/Source/TP_TwinStickEditor.Target.cs': Renaming to 'Source//twinstickEditor.Target' as it matched file rename ('TP_TwinStick'->'twinstick')
[2015.12.04-13.52.47:208][140]LogGameProjectGeneration:Verbose: 'C:/Program Files/Epic Games/4.9/Templates/TP_TwinStick/Source/TP_TwinStick/TP_TwinStick.Build.cs': Moving to 'Source/twinstick//' as it matched folder rename ('Source/TP_TwinStick'->'Source/twinstick')
[2015.12.04-13.52.47:208][140]LogGameProjectGeneration:Verbose: 'C:/Program Files/Epic Games/4.9/Templates/TP_TwinStick/Source/TP_TwinStick/TP_TwinStick.Build.cs': Renaming to 'Source/twinstick///twinstick.Build' as it matched file rename ('TP_TwinStick'->'twinstick')
[2015.12.04-13.52.47:223][140]LogGameProjectGeneration:Verbose: 'C:/Program Files/Epic Games/4.9/Templates/TP_TwinStick/Source/TP_TwinStick/TP_TwinStick.cpp': Moving to 'Source/twinstick//' as it matched folder rename ('Source/TP_TwinStick'->'Source/twinstick')
[2015.12.04-13.52.47:223][140]LogGameProjectGeneration:Verbose: 'C:/Program Files/Epic Games/4.9/Templates/TP_TwinStick/Source/TP_TwinStick/TP_TwinStick.cpp': Renaming to 'Source/twinstick///twinstick' as it matched file rename ('TP_TwinStick'->'twinstick')
[2015.12.04-13.52.47:238][140]LogGameProjectGeneration:Verbose: 'C:/Program Files/Epic Games/4.9/Templates/TP_TwinStick/Source/TP_TwinStick/TP_TwinStick.h': Moving to 'Source/twinstick//' as it matched folder rename ('Source/TP_TwinStick'->'Source/twinstick')
[2015.12.04-13.52.47:238][140]LogGameProjectGeneration:Verbose: 'C:/Program Files/Epic Games/4.9/Templates/TP_TwinStick/Source/TP_TwinStick/TP_TwinStick.h': Renaming to 'Source/twinstick///twinstick' as it matched file rename ('TP_TwinStick'->'twinstick')
[2015.12.04-13.52.47:292][140]LogGameProjectGeneration:Verbose: 'C:/Program Files/Epic Games/4.9/Templates/TP_TwinStick/Source/TP_TwinStick/TP_TwinStickGameMode.cpp': Moving to 'Source/twinstick//' as it matched folder rename ('Source/TP_TwinStick'->'Source/twinstick')
[2015.12.04-13.52.47:292][140]LogGameProjectGeneration:Verbose: 'C:/Program Files/Epic Games/4.9/Templates/TP_TwinStick/Source/TP_TwinStick/TP_TwinStickGameMode.cpp': Renaming to 'Source/twinstick///twinstickGameMode' as it matched file rename ('TP_TwinStick'->'twinstick')
[2015.12.04-13.52.47:311][140]LogGameProjectGeneration:Verbose: 'C:/Program Files/Epic Games/4.9/Templates/TP_TwinStick/Source/TP_TwinStick/TP_TwinStickGameMode.h': Moving to 'Source/twinstick//' as it matched folder rename ('Source/TP_TwinStick'->'Source/twinstick')
[2015.12.04-13.52.47:311][140]LogGameProjectGeneration:Verbose: 'C:/Program Files/Epic Games/4.9/Templates/TP_TwinStick/Source/TP_TwinStick/TP_TwinStickGameMode.h': Renaming to 'Source/twinstick///twinstickGameMode' as it matched file rename ('TP_TwinStick'->'twinstick')
[2015.12.04-13.52.47:331][140]LogGameProjectGeneration:Verbose: 'C:/Program Files/Epic Games/4.9/Templates/TP_TwinStick/Source/TP_TwinStick/TP_TwinStickPawn.cpp': Moving to 'Source/twinstick//' as it matched folder rename ('Source/TP_TwinStick'->'Source/twinstick')
[2015.12.04-13.52.47:331][140]LogGameProjectGeneration:Verbose: 'C:/Program Files/Epic Games/4.9/Templates/TP_TwinStick/Source/TP_TwinStick/TP_TwinStickPawn.cpp': Renaming to 'Source/twinstick///twinstickPawn' as it matched file rename ('TP_TwinStick'->'twinstick')
[2015.12.04-13.52.47:343][140]LogGameProjectGeneration:Verbose: 'C:/Program Files/Epic Games/4.9/Templates/TP_TwinStick/Source/TP_TwinStick/TP_TwinStickPawn.h': Moving to 'Source/twinstick//' as it matched folder rename ('Source/TP_TwinStick'->'Source/twinstick')
[2015.12.04-13.52.47:343][140]LogGameProjectGeneration:Verbose: 'C:/Program Files/Epic Games/4.9/Templates/TP_TwinStick/Source/TP_TwinStick/TP_TwinStickPawn.h': Renaming to 'Source/twinstick///twinstickPawn' as it matched file rename ('TP_TwinStick'->'twinstick')
[2015.12.04-13.52.47:356][140]LogGameProjectGeneration:Verbose: 'C:/Program Files/Epic Games/4.9/Templates/TP_TwinStick/Source/TP_TwinStick/TP_TwinStickProjectile.cpp': Moving to 'Source/twinstick//' as it matched folder rename ('Source/TP_TwinStick'->'Source/twinstick')
[2015.12.04-13.52.47:356][140]LogGameProjectGeneration:Verbose: 'C:/Program Files/Epic Games/4.9/Templates/TP_TwinStick/Source/TP_TwinStick/TP_TwinStickProjectile.cpp': Renaming to 'Source/twinstick///twinstickProjectile' as it matched file rename ('TP_TwinStick'->'twinstick')
[2015.12.04-13.52.47:366][140]LogGameProjectGeneration:Verbose: 'C:/Program Files/Epic Games/4.9/Templates/TP_TwinStick/Source/TP_TwinStick/TP_TwinStickProjectile.h': Moving to 'Source/twinstick//' as it matched folder rename ('Source/TP_TwinStick'->'Source/twinstick')
[2015.12.04-13.52.47:366][140]LogGameProjectGeneration:Verbose: 'C:/Program Files/Epic Games/4.9/Templates/TP_TwinStick/Source/TP_TwinStick/TP_TwinStickProjectile.h': Renaming to 'Source/twinstick///twinstickProjectile' as it matched file rename ('TP_TwinStick'->'twinstick')
[2015.12.04-13.52.47:743][140]Running C:/Program Files/Epic Games/4.9/Engine/Binaries/DotNET/UnrealBuildTool.exe  -projectfiles -project="E:/WenBU/Unreal Projects/twinstick/twinstick.uproject" -game -rocket -progress
[2015.12.04-13.52.48:350][140]Discovering modules, targets and source code for game...
[2015.12.04-13.52.58:990][140]Running C:/Program Files/Epic Games/4.9/Engine/Binaries/DotNET/UnrealBuildTool.exe twinstick Development Win64 -project="E:/WenBU/Unreal Projects/twinstick/twinstick.uproject" -rocket -editorrecompile -progress -noubtmakefiles
[2015.12.04-13.53.09:617][140]@progress push 5%
[2015.12.04-13.53.14:218][140]Parsing headers for twinstickEditor
[2015.12.04-13.53.14:218][140]  Running UnrealHeaderTool "E:/WenBU/Unreal Projects/twinstick/twinstick.uproject" "E:\WenBU\Unreal Projects\twinstick\Intermediate\Build\Win64\twinstickEditor\Development\UnrealHeaderTool.manifest" -LogCmds="loginit warning, logexit warning, logdatabase error" -rocket -installed
[2015.12.04-13.53.25:119][140]Reflection code generated for twinstickEditor in 10.9188196 seconds
[2015.12.04-13.53.27:220][140]@progress pop
[2015.12.04-13.53.31:320][140]Performing 9 actions (9 in parallel)
[2015.12.04-13.53.31:320][140][3/9] Resource ModuleVersionResource.rc.inl
[2015.12.04-13.53.31:320][140][2/9] Resource PCLaunch.rc
[2015.12.04-13.53.31:620][140]PCH.twinstick.h.cpp
[2015.12.04-13.53.31:720][140]C:\Program Files\Epic Games\4.9\Engine\Source\Runtime\Core\Public\HAL\PlatformIncludes.h(5) : fatal error C1083: Cannot open include file: 'new': No such file or directory
[2015.12.04-13.53.31:920][140]C:\Program Files\Epic Games\4.9\Engine\Source\Runtime\Core\Resources\Windows\ModuleVersionResource.rc.inl(3) : fatal error RC1015: cannot open include file 'windows.h'.
[2015.12.04-13.53.32:120][140]C:\Program Files\Epic Games\4.9\Engine\Source\Runtime\Launch\Resources\Windows\PCLaunch.rc(10) : fatal error RC1015: cannot open include file 'windows.h'.
[2015.12.04-13.53.32:221][140]-------- End Detailed Actions Stats -----------------------------------------------------------
[2015.12.04-13.53.32:221][140]ERROR: UBT ERROR: Failed to produce item: E:\WenBU\Unreal Projects\twinstick\Binaries\Win64\UE4Editor-twinstick.dll
[2015.12.04-13.53.32:321][140]Total build time: 33.14 seconds
[2015.12.04-13.53.51:012][140]LogWindows: LaunchFileInExternalEditor E:/WenBU/Unreal Projects/twinstick/twinstick.sln 
[2015.12.04-13.53.51:053][140]LogWindows: Launch application code for E:/WenBU/Unreal Projects/twinstick/twinstick.sln : 42
[2015.12.04-14.22.16:626][863]Cmd: QUIT_EDITOR
[2015.12.04-14.22.16:970][863]LogExit: Preparing to exit.
[2015.12.04-14.22.18:084][863]LogExit: Editor shut down
[2015.12.04-14.22.18:084][863]LogExit: Transaction tracking system shut down
[2015.12.04-14.22.18:087][863]LogParticles: Destroying 0 GPU particle simulations for FXSystem 0x0000000026D0A0C0
[2015.12.04-14.22.18:087][863]LogParticles: Destroying 0 GPU particle simulations for FXSystem 0x0000000011674400
[2015.12.04-14.22.18:260][863]LogExit: Object subsystem successfully closed.
[2015.12.04-14.22.18:275][863]LogD3D11RHI: Shutdown
[2015.12.04-14.22.18:275][863]LogD3D11RHI: CleanupD3DDevice
[2015.12.04-14.22.18:320][863]LogD3D11RHI: ~FD3D11DynamicRHI
[2015.12.04-14.22.18:411][863]LogModuleManager: Shutting down and abandoning module CrashTracker (198)
[2015.12.04-14.22.18:411][863]LogModuleManager: Shutting down and abandoning module SceneOutliner (197)
[2015.12.04-14.22.18:411][863]LogModuleManager: Shutting down and abandoning module SuperSearch (196)
[2015.12.04-14.22.18:411][863]LogModuleManager: Shutting down and abandoning module WidgetCarousel (195)
[2015.12.04-14.22.18:411][863]LogModuleManager: Shutting down and abandoning module AddContentDialog (194)
[2015.12.04-14.22.18:413][863]LogModuleManager: Shutting down and abandoning module EditorWidgets (193)
[2015.12.04-14.22.18:413][863]LogModuleManager: Shutting down and abandoning module CollectionManager (192)
[2015.12.04-14.22.18:414][863]LogModuleManager: Shutting down and abandoning module StatsViewer (191)
[2015.12.04-14.22.18:414][863]LogModuleManager: Shutting down and abandoning module FoliageEdit (190)
[2015.12.04-14.22.18:414][863]LogModuleManager: Shutting down and abandoning module LandscapeEditor (189)
[2015.12.04-14.22.18:414][863]LogModuleManager: Shutting down and abandoning module ActorPickerMode (188)
[2015.12.04-14.22.18:414][863]LogModuleManager: Shutting down and abandoning module GeometryMode (187)
[2015.12.04-14.22.18:414][863]LogModuleManager: Shutting down and abandoning module TextureAlignMode (186)
[2015.12.04-14.22.18:414][863]LogModuleManager: Shutting down and abandoning module BspMode (185)
[2015.12.04-14.22.18:414][863]LogModuleManager: Shutting down and abandoning module PlacementMode (184)
[2015.12.04-14.22.18:414][863]LogModuleManager: Shutting down and abandoning module AutomationWorker (183)
[2015.12.04-14.22.18:414][863]LogModuleManager: Shutting down and abandoning module CharacterAI (182)
[2015.12.04-14.22.18:414][863]LogModuleManager: Shutting down and abandoning module SmartSnapping (181)
[2015.12.04-14.22.18:415][863]LogModuleManager: Shutting down and abandoning module ViewportSnapping (180)
[2015.12.04-14.22.18:415][863]LogModuleManager: Shutting down and abandoning module LogVisualizer (179)
[2015.12.04-14.22.18:415][863]LogModuleManager: Shutting down and abandoning module GameProjectGeneration (178)
[2015.12.04-14.22.18:415][863]LogModuleManager: Shutting down and abandoning module IntroTutorials (177)
[2015.12.04-14.22.18:415][863]LogModuleManager: Shutting down and abandoning module EditorLiveStreaming (176)
[2015.12.04-14.22.18:415][863]LogModuleManager: Shutting down and abandoning module IOSPlatformEditor (175)
[2015.12.04-14.22.18:415][863]LogModuleManager: Shutting down and abandoning module HTML5PlatformEditor (174)
[2015.12.04-14.22.18:415][863]LogModuleManager: Shutting down and abandoning module AndroidDeviceDetection (173)
[2015.12.04-14.22.18:435][863]LogModuleManager: Shutting down and abandoning module AndroidPlatformEditor (172)
[2015.12.04-14.22.18:435][863]LogModuleManager: Shutting down and abandoning module IOSRuntimeSettings (171)
[2015.12.04-14.22.18:435][863]LogModuleManager: Shutting down and abandoning module AndroidRuntimeSettings (170)
[2015.12.04-14.22.18:435][863]LogModuleManager: Shutting down and abandoning module MergeActors (169)
[2015.12.04-14.22.18:435][863]LogModuleManager: Shutting down and abandoning module SizeMap (168)
[2015.12.04-14.22.18:435][863]LogModuleManager: Shutting down and abandoning module TreeMap (167)
[2015.12.04-14.22.18:435][863]LogModuleManager: Shutting down and abandoning module ReferenceViewer (166)
[2015.12.04-14.22.18:435][863]LogModuleManager: Shutting down and abandoning module LocalizationService (165)
[2015.12.04-14.22.18:435][863]LogModuleManager: Shutting down and abandoning module LocalizationDashboard (164)
[2015.12.04-14.22.18:435][863]LogModuleManager: Shutting down and abandoning module HardwareTargeting (163)
[2015.12.04-14.22.18:435][863]LogModuleManager: Shutting down and abandoning module DeviceProfileEditor (162)
[2015.12.04-14.22.18:435][863]LogModuleManager: Shutting down and abandoning module UndoHistory (161)
[2015.12.04-14.22.18:435][863]LogModuleManager: Shutting down and abandoning module GameplayTagsEditor (160)
[2015.12.04-14.22.18:435][863]LogModuleManager: Shutting down and abandoning module UserFeedback (159)
[2015.12.04-14.22.18:435][863]LogModuleManager: Shutting down and abandoning module XmlParser (158)
[2015.12.04-14.22.18:435][863]LogModuleManager: Shutting down and abandoning module Blutility (157)
[2015.12.04-14.22.18:435][863]LogModuleManager: Shutting down and abandoning module ProjectTargetPlatformEditor (156)
[2015.12.04-14.22.18:436][863]LogModuleManager: Shutting down and abandoning module ProjectSettingsViewer (155)
[2015.12.04-14.22.18:436][863]LogModuleManager: Shutting down and abandoning module InputBindingEditor (154)
[2015.12.04-14.22.18:436][863]LogModuleManager: Shutting down and abandoning module EditorSettingsViewer (153)
[2015.12.04-14.22.18:436][863]LogModuleManager: Shutting down and abandoning module SettingsEditor (152)
[2015.12.04-14.22.18:436][863]LogModuleManager: Shutting down and abandoning module ProjectLauncher (151)
[2015.12.04-14.22.18:436][863]LogModuleManager: Shutting down and abandoning module SessionFrontend (150)
[2015.12.04-14.22.18:436][863]LogModuleManager: Shutting down and abandoning module ProfilerClient (149)
[2015.12.04-14.22.18:436][863]LogModuleManager: Shutting down and abandoning module TargetDeviceServices (148)
[2015.12.04-14.22.18:436][863]LogModuleManager: Shutting down and abandoning module DeviceManager (147)
[2015.12.04-14.22.18:436][863]LogModuleManager: Shutting down and abandoning module AutomationController (146)
[2015.12.04-14.22.18:436][863]LogModuleManager: Shutting down and abandoning module AutomationWindow (145)
[2015.12.04-14.22.18:437][863]LogModuleManager: Shutting down and abandoning module Layers (144)
[2015.12.04-14.22.18:437][863]LogModuleManager: Shutting down and abandoning module ComponentVisualizers (143)
[2015.12.04-14.22.18:437][863]LogModuleManager: Shutting down and abandoning module DetailCustomizations (142)
[2015.12.04-14.22.18:437][863]LogModuleManager: Shutting down and abandoning module PackagesDialog (141)
[2015.12.04-14.22.18:437][863]LogModuleManager: Shutting down and abandoning module Persona (140)
[2015.12.04-14.22.18:437][863]LogModuleManager: Shutting down and abandoning module Kismet (139)
[2015.12.04-14.22.18:437][863]LogModuleManager: Shutting down and abandoning module GraphEditor (138)
[2015.12.04-14.22.18:437][863]LogModuleManager: Shutting down and abandoning module ClassViewer (137)
[2015.12.04-14.22.18:437][863]LogModuleManager: Shutting down and abandoning module Toolbox (136)
[2015.12.04-14.22.18:437][863]LogModuleManager: Shutting down and abandoning module ModuleUI (135)
[2015.12.04-14.22.18:437][863]LogModuleManager: Shutting down and abandoning module MovieSceneTools (134)
[2015.12.04-14.22.18:437][863]LogModuleManager: Shutting down and abandoning module OutputLog (133)
[2015.12.04-14.22.18:437][863]LogModuleManager: Shutting down and abandoning module GammaUI (132)
[2015.12.04-14.22.18:437][863]LogModuleManager: Shutting down and abandoning module Documentation (131)
[2015.12.04-14.22.18:438][863]LogModuleManager: Shutting down and abandoning module GameLiveStreaming (130)
[2015.12.04-14.22.18:438][863]LogModuleManager: Shutting down and abandoning module StreamingPauseRendering (129)
[2015.12.04-14.22.18:438][863]LogModuleManager: Shutting down and abandoning module AnalyticsET (128)
[2015.12.04-14.22.18:438][863]LogModuleManager: Shutting down and abandoning module Analytics (127)
[2015.12.04-14.22.18:438][863]LogModuleManager: Shutting down and abandoning module AITestSuite (126)
[2015.12.04-14.22.18:438][863]LogModuleManager: Shutting down and abandoning module GameplayDebugger (125)
[2015.12.04-14.22.18:438][863]LogModuleManager: Shutting down and abandoning module AIModule (124)
[2015.12.04-14.22.18:438][863]LogModuleManager: Shutting down and abandoning module ProfilerService (123)
[2015.12.04-14.22.18:544][863]LogModuleManager: Shutting down and abandoning module TaskGraph (122)
[2015.12.04-14.22.18:544][863]LogModuleManager: Shutting down and abandoning module SlateRemote (121)
[2015.12.04-14.22.18:544][863]LogModuleManager: Shutting down and abandoning module SteamVRController (120)
[2015.12.04-14.22.18:544][863]LogModuleManager: Shutting down and abandoning module SteamVR (119)
[2015.12.04-14.22.18:544][863]LogModuleManager: Shutting down and abandoning module ProceduralMeshComponent (118)
[2015.12.04-14.22.18:544][863]LogModuleManager: Shutting down and abandoning module OculusRift (117)
[2015.12.04-14.22.18:544][863]LogModuleManager: Shutting down and abandoning module OculusLibrary (116)
[2015.12.04-14.22.18:544][863]LogModuleManager: Shutting down and abandoning module LeapMotionController (115)
[2015.12.04-14.22.18:570][863]LogModuleManager: Shutting down and abandoning module CustomMeshComponent (114)
[2015.12.04-14.22.18:570][863]LogModuleManager: Shutting down and abandoning module CableComponent (113)
[2015.12.04-14.22.18:570][863]LogModuleManager: Shutting down and abandoning module ArchVisCharacter (112)
[2015.12.04-14.22.18:570][863]LogModuleManager: Shutting down and abandoning module MessagingDebugger (111)
[2015.12.04-14.22.18:570][863]LogModuleManager: Shutting down and abandoning module MediaPlayerEditor (110)
[2015.12.04-14.22.18:570][863]LogModuleManager: Shutting down and abandoning module HTML5Networking (109)
[2015.12.04-14.22.18:570][863]LogModuleManager: Shutting down and abandoning module SpeedTreeImporter (108)
[2015.12.04-14.22.18:570][863]LogModuleManager: Shutting down and abandoning module PluginBrowser (107)
[2015.12.04-14.22.18:570][863]LogModuleManager: Shutting down and abandoning module EpicSurvey (106)
[2015.12.04-14.22.18:571][863]LogModuleManager: Shutting down and abandoning module DesktopPlatform (105)
[2015.12.04-14.22.18:571][863]LogModuleManager: Shutting down and abandoning module VisualStudioSourceCodeAccess (104)
[2015.12.04-14.22.18:571][863]LogModuleManager: Shutting down and abandoning module UObjectPlugin (103)
[2015.12.04-14.22.18:571][863]LogModuleManager: Shutting down and abandoning module SubversionSourceControl (102)
[2015.12.04-14.22.18:571][863]LogModuleManager: Shutting down and abandoning module PerforceSourceControl (101)
[2015.12.04-14.22.18:571][863]LogModuleManager: Shutting down and abandoning module SourceControl (100)
[2015.12.04-14.22.18:571][863]LogModuleManager: Shutting down and abandoning module GitSourceControl (99)
[2015.12.04-14.22.18:571][863]LogModuleManager: Shutting down and abandoning module LightPropagationVolumeEditor (98)
[2015.12.04-14.22.18:571][863]LogModuleManager: Shutting down and abandoning module PaperTiledImporter (97)
[2015.12.04-14.22.18:571][863]LogModuleManager: Shutting down and abandoning module PaperSpriteSheetImporter (96)
[2015.12.04-14.22.18:571][863]LogModuleManager: Shutting down and abandoning module MeshPaint (95)
[2015.12.04-14.22.18:571][863]LogModuleManager: Shutting down and abandoning module SlateReflector (94)
[2015.12.04-14.22.18:571][863]LogModuleManager: Shutting down and abandoning module HotReload (93)
[2015.12.04-14.22.18:572][863]LogModuleManager: Shutting down and abandoning module MainFrame (92)
[2015.12.04-14.22.18:572][863]LogModuleManager: Shutting down and abandoning module LevelEditor (91)
[2015.12.04-14.22.18:574][863]LogModuleManager: Shutting down and abandoning module DirectoryWatcher (90)
[2015.12.04-14.22.18:575][863]LogModuleManager: Shutting down and abandoning module AssetRegistry (89)
[2015.12.04-14.22.18:702][863]LogModuleManager: Shutting down and abandoning module ContentBrowser (88)
[2015.12.04-14.22.18:703][863]LogModuleManager: Shutting down and abandoning module Paper2DEditor (87)
[2015.12.04-14.22.18:704][863]LogModuleManager: Shutting down and abandoning module MyGameProject1 (86)
[2015.12.04-14.22.18:704][863]LogModuleManager: Shutting down and abandoning module UdpMessaging (85)
[2015.12.04-14.22.18:804][863]LogModuleManager: Shutting down and abandoning module LightPropagationVolumeRuntime (84)
[2015.12.04-14.22.18:804][863]LogModuleManager: Shutting down and abandoning module Paper2D (83)
[2015.12.04-14.22.18:804][863]LogModuleManager: Shutting down and abandoning module WindowsMoviePlayer (82)
[2015.12.04-14.22.18:811][863]LogModuleManager: Shutting down and abandoning module Media (81)
[2015.12.04-14.22.18:811][863]LogModuleManager: Shutting down and abandoning module WmfMedia (80)
[2015.12.04-14.22.18:812][863]LogModuleManager: Shutting down and abandoning module OnlineBlueprintSupport (79)
[2015.12.04-14.22.18:812][863]LogModuleManager: Shutting down and abandoning module GameplayTasksEditor (78)
[2015.12.04-14.22.18:812][863]LogModuleManager: Shutting down and abandoning module PropertyEditor (77)
[2015.12.04-14.22.18:812][863]LogModuleManager: Shutting down and abandoning module BehaviorTreeEditor (76)
[2015.12.04-14.22.18:812][863]LogModuleManager: Shutting down and abandoning module FunctionalTesting (75)
[2015.12.04-14.22.18:812][863]LogModuleManager: Shutting down and abandoning module CollisionAnalyzer (74)
[2015.12.04-14.22.18:812][863]LogModuleManager: Shutting down and abandoning module WorkspaceMenuStructure (73)
[2015.12.04-14.22.18:812][863]LogModuleManager: Shutting down and abandoning module MessageLog (72)
[2015.12.04-14.22.18:812][863]LogModuleManager: Shutting down and abandoning module Sequencer (71)
[2015.12.04-14.22.18:812][863]LogModuleManager: Shutting down and abandoning module AssetTools (70)
[2015.12.04-14.22.18:812][863]LogModuleManager: Shutting down and abandoning module UMGEditor (69)
[2015.12.04-14.22.18:812][863]LogModuleManager: Shutting down and abandoning module UMG (68)
[2015.12.04-14.22.18:812][863]LogModuleManager: Shutting down and abandoning module Slate (67)
[2015.12.04-14.22.18:812][863]LogModuleManager: Shutting down and abandoning module EditorStyle (66)
[2015.12.04-14.22.18:829][863]LogModuleManager: Shutting down and abandoning module SessionServices (65)
[2015.12.04-14.22.18:829][863]LogModuleManager: Shutting down and abandoning module SourceCodeAccess (64)
[2015.12.04-14.22.18:829][863]LogModuleManager: Shutting down and abandoning module HeadMountedDisplay (63)
[2015.12.04-14.22.18:829][863]LogModuleManager: Shutting down and abandoning module XAudio2 (62)
[2015.12.04-14.22.18:829][863]LogModuleManager: Shutting down and abandoning module Networking (60)
[2015.12.04-14.22.18:829][863]LogModuleManager: Shutting down and abandoning module Core (59)
[2015.12.04-14.22.18:829][863]LogModuleManager: Shutting down and abandoning module KismetCompiler (58)
[2015.12.04-14.22.18:829][863]LogModuleManager: Shutting down and abandoning module PhysXFormats (57)
[2015.12.04-14.22.18:829][863]LogModuleManager: Shutting down and abandoning module MeshUtilities (56)
[2015.12.04-14.22.18:829][863]LogModuleManager: Shutting down and abandoning module CookingStats (55)
[2015.12.04-14.22.18:831][863]LogModuleManager: Shutting down and abandoning module DerivedDataCache (54)
[2015.12.04-14.22.18:849][863]LogDerivedDataCache: Shutdown
[2015.12.04-14.22.18:849][863]LogModuleManager: Shutting down and abandoning module ShaderFormatOpenGL (53)
[2015.12.04-14.22.18:849][863]LogModuleManager: Shutting down and abandoning module ShaderFormatD3D (52)
[2015.12.04-14.22.18:849][863]LogModuleManager: Shutting down and abandoning module MetalShaderFormat (51)
[2015.12.04-14.22.18:849][863]LogModuleManager: Shutting down and abandoning module TextureFormatUncompressed (50)
[2015.12.04-14.22.18:849][863]LogModuleManager: Shutting down and abandoning module TextureFormatPVR (49)
[2015.12.04-14.22.18:849][863]LogModuleManager: Shutting down and abandoning module TextureFormatIntelISPCTexComp (48)
[2015.12.04-14.22.18:849][863]LogModuleManager: Shutting down and abandoning module TextureFormatDXT (47)
[2015.12.04-14.22.18:849][863]LogModuleManager: Shutting down and abandoning module ImageWrapper (46)
[2015.12.04-14.22.18:849][863]LogModuleManager: Shutting down and abandoning module TextureFormatASTC (45)
[2015.12.04-14.22.18:849][863]LogModuleManager: Shutting down and abandoning module TextureFormatAndroid (44)
[2015.12.04-14.22.18:849][863]LogModuleManager: Shutting down and abandoning module AudioFormatOpus (43)
[2015.12.04-14.22.18:849][863]LogModuleManager: Shutting down and abandoning module AudioFormatOgg (42)
[2015.12.04-14.22.18:849][863]LogModuleManager: Shutting down and abandoning module AudioFormatADPCM (41)
[2015.12.04-14.22.18:849][863]LogModuleManager: Shutting down and abandoning module LinuxTargetPlatform (40)
[2015.12.04-14.22.18:849][863]LogModuleManager: Shutting down and abandoning module LinuxServerTargetPlatform (39)
[2015.12.04-14.22.18:849][863]LogModuleManager: Shutting down and abandoning module LinuxNoEditorTargetPlatform (38)
[2015.12.04-14.22.18:849][863]LogModuleManager: Shutting down and abandoning module Messaging (37)
[2015.12.04-14.22.18:849][863]LogModuleManager: Shutting down and abandoning module IOSTargetPlatform (36)
[2015.12.04-14.22.18:849][863]LogModuleManager: Shutting down and abandoning module HTML5TargetPlatform (35)
[2015.12.04-14.22.18:849][863]LogModuleManager: Shutting down and abandoning module Android_PVRTCTargetPlatform (34)
[2015.12.04-14.22.18:850][863]LogModuleManager: Shutting down and abandoning module Android_ETC2TargetPlatform (33)
[2015.12.04-14.22.18:850][863]LogModuleManager: Shutting down and abandoning module Android_ETC1TargetPlatform (32)
[2015.12.04-14.22.18:850][863]LogModuleManager: Shutting down and abandoning module Android_DXTTargetPlatform (31)
[2015.12.04-14.22.18:850][863]LogModuleManager: Shutting down and abandoning module Android_ATCTargetPlatform (30)
[2015.12.04-14.22.18:850][863]LogModuleManager: Shutting down and abandoning module Android_ASTCTargetPlatform (29)
[2015.12.04-14.22.18:850][863]LogModuleManager: Shutting down and abandoning module AndroidTargetPlatform (28)
[2015.12.04-14.22.18:850][863]LogModuleManager: Shutting down and abandoning module WindowsTargetPlatform (27)
[2015.12.04-14.22.18:850][863]LogModuleManager: Shutting down and abandoning module WindowsServerTargetPlatform (26)
[2015.12.04-14.22.18:850][863]LogModuleManager: Shutting down and abandoning module WindowsNoEditorTargetPlatform (25)
[2015.12.04-14.22.18:850][863]LogModuleManager: Shutting down and abandoning module WindowsClientTargetPlatform (24)
[2015.12.04-14.22.18:850][863]LogModuleManager: Shutting down and abandoning module AllDesktopTargetPlatform (23)
[2015.12.04-14.22.18:850][863]LogModuleManager: Shutting down and abandoning module TargetPlatform (22)
[2015.12.04-14.22.18:850][863]LogModuleManager: Shutting down and abandoning module InputCore (21)
[2015.12.04-14.22.18:850][863]LogModuleManager: Shutting down and abandoning module Settings (20)
[2015.12.04-14.22.18:850][863]LogModuleManager: Shutting down and abandoning module OnlineSubsystem (18)
[2015.12.04-14.22.18:850][863]LogModuleManager: Shutting down and abandoning module HTTP (17)
[2015.12.04-14.22.20:860][863]LogModuleManager: Shutting down and abandoning module XMPP (16)
[2015.12.04-14.22.20:860][863]LogModuleManager: Shutting down and abandoning module ExampleDeviceProfileSelector (15)
[2015.12.04-14.22.20:860][863]LogModuleManager: Shutting down and abandoning module TextureCompressor (14)
[2015.12.04-14.22.20:860][863]LogModuleManager: Shutting down and abandoning module ShaderCore (13)
[2015.12.04-14.22.20:860][863]LogModuleManager: Shutting down and abandoning module Landscape (12)
[2015.12.04-14.22.20:860][863]LogModuleManager: Shutting down and abandoning module SlateRHIRenderer (11)
[2015.12.04-14.22.20:862][863]LogModuleManager: Shutting down and abandoning module OpenGLDrv (10)
[2015.12.04-14.22.20:862][863]LogModuleManager: Shutting down and abandoning module D3D11RHI (9)
[2015.12.04-14.22.20:862][863]LogModuleManager: Shutting down and abandoning module AnimGraphRuntime (8)
[2015.12.04-14.22.20:862][863]LogModuleManager: Shutting down and abandoning module Renderer (7)
[2015.12.04-14.22.20:862][863]LogModuleManager: Shutting down and abandoning module Engine (6)
[2015.12.04-14.22.20:862][863]LogModuleManager: Shutting down and abandoning module CoreUObject (5)
[2015.12.04-14.22.20:862][863]LogModuleManager: Shutting down and abandoning module NetworkFile (4)
[2015.12.04-14.22.20:862][863]LogModuleManager: Shutting down and abandoning module StreamingFile (3)
[2015.12.04-14.22.20:862][863]LogModuleManager: Shutting down and abandoning module SandboxFile (2)
[2015.12.04-14.22.20:862][863]LogModuleManager: Shutting down and abandoning module PakFile (1)
[2015.12.04-14.22.20:863][863]LogExit: Exiting.
[2015.12.04-14.22.20:866][863]Log file closed, 12/04/15 14:22:20
