[2015.12.09-17.08.39:888][  0]Log file open, 12/09/15 17:08:39
[2015.12.09-17.08.39:888][  0]LogInit:Display: Running engine for game: MyGameProject1
[2015.12.09-17.08.39:888][  0]LogInit:Display: RandInit(2125313760) SRandInit(2125313761).
[2015.12.09-17.08.39:888][  0]LogTaskGraph: Started task graph with 4 named threads and 8 total threads.
[2015.12.09-17.08.39:889][  0]LogStats: Stats thread started at 0.292367
[2015.12.09-17.08.39:889][  0]LogInit: Version: 4.9.2-2707645+++depot+UE4-Releases+4.9
[2015.12.09-17.08.39:889][  0]LogInit: API Version: 2672455
[2015.12.09-17.08.39:889][  0]LogInit: Compiled (64-bit): Sep 28 2015 10:25:44
[2015.12.09-17.08.39:889][  0]LogInit: Compiled with Visual C++: 18.00.21005.01
[2015.12.09-17.08.39:890][  0]LogInit: Build Configuration: Development
[2015.12.09-17.08.39:890][  0]LogInit: Branch Name: ++depot+UE4-Releases+4.9
[2015.12.09-17.08.39:890][  0]LogInit: Command line: 
[2015.12.09-17.08.39:890][  0]LogInit: Base directory: C:/Program Files/Epic Games/4.9/Engine/Binaries/Win64/
[2015.12.09-17.08.39:890][  0]LogInit: Rocket: 1
[2015.12.09-17.08.39:914][  0]LogInit: Using libcurl 7.41.0
[2015.12.09-17.08.39:915][  0]LogInit:  - built for x86_64-pc-win32
[2015.12.09-17.08.39:915][  0]LogInit:  - supports SSL with WinSSL
[2015.12.09-17.08.39:915][  0]LogInit:  - other features:
[2015.12.09-17.08.39:915][  0]LogInit:      CURL_VERSION_SSL
[2015.12.09-17.08.39:915][  0]LogInit:      CURL_VERSION_IPV6
[2015.12.09-17.08.39:916][  0]LogInit:      CURL_VERSION_ASYNCHDNS
[2015.12.09-17.08.39:916][  0]LogInit:      CURL_VERSION_LARGEFILE
[2015.12.09-17.08.39:916][  0]LogInit:      CURL_VERSION_IDN
[2015.12.09-17.08.39:916][  0]LogInit:  CurlRequestOptions (configurable via config and command line):
[2015.12.09-17.08.39:916][  0]LogInit:  - bVerifyPeer = true  - Libcurl will verify peer certificate
[2015.12.09-17.08.39:917][  0]LogInit:  - bUseHttpProxy = false  - Libcurl will NOT use HTTP proxy
[2015.12.09-17.08.39:917][  0]LogInit:  - bDontReuseConnections = false  - Libcurl will reuse connections
[2015.12.09-17.08.39:917][  0]LogInit:  - CertBundlePath = nullptr  - Libcurl will use whatever was configured at build time.
[2015.12.09-17.08.39:951][  0]LogInit: Presizing for 0 objects not considered by GC, pre-allocating 0 bytes.
[2015.12.09-17.08.39:959][  0]LogInit: Object subsystem initialized
[2015.12.09-17.08.39:961][  0]LogInit: Selected Device Profile: [Windows]
[2015.12.09-17.08.39:961][  0]LogInit: Applying CVar settings loaded from the selected device profile: [Windows]
[2015.12.09-17.08.39:982][  0]LogInit: Computer: PC40924
[2015.12.09-17.08.39:982][  0]LogInit: User: wtang
[2015.12.09-17.08.39:983][  0]LogInit: CPU Page size=4096, Cores=6
[2015.12.09-17.08.39:983][  0]LogInit: High frequency timer resolution =3.409814 MHz
[2015.12.09-17.08.39:983][  0]LogMemory: Memory total: Physical=31.9GB (32GB approx)
[2015.12.09-17.08.39:983][  0]LogMemory: Platform Memory Stats for Windows
[2015.12.09-17.08.39:984][  0]LogMemory: Process Physical Memory: 53.92 MB used, 53.92 MB peak
[2015.12.09-17.08.39:984][  0]LogMemory: Process Virtual Memory: 55.71 MB used, 55.71 MB peak
[2015.12.09-17.08.39:984][  0]LogMemory: Physical Memory: 8081.27 MB used, 32691.78 MB total
[2015.12.09-17.08.39:984][  0]LogMemory: Virtual Memory: 334.46 MB used, 8388608.00 MB total
[2015.12.09-17.08.40:306][  0]LogTextLocalizationManager: No specific translations for ('en-GB') exist, so ('en') translations will be used.
[2015.12.09-17.08.41:155][  0]LogD3D11RHI: Found D3D11 adapter 0: NVIDIA Quadro K4000 (Feature Level 11_0)
[2015.12.09-17.08.41:155][  0]LogD3D11RHI: Adapter has 3015MB of dedicated video memory, 0MB of dedicated system memory, and 16089MB of shared system memory, 2 output[s]
[2015.12.09-17.08.41:155][  0]LogD3D11RHI: Chosen D3D11 Adapter Id = 0
[2015.12.09-17.08.41:162][  0]LogD3D11RHI: !Direct3DDevice
[2015.12.09-17.08.41:162][  0]LogRHI: Texture pool is 1361 MB (70% of 1945 MB)
[2015.12.09-17.08.41:188][  0]LogD3D11RHI: Async texture creation enabled
[2015.12.09-17.08.41:290][  0]LogShaderCompilers: Guid format shader working directory is 14 characters bigger than the processId version (E:/WenBU/Unreal Projects/MyGameProject1/Intermediate/Shaders/WorkingDirectory/14540/).
[2015.12.09-17.08.41:291][  0]LogShaderCompilers: Cleaned the shader compiler working directory 'E:/WenBU/Unreal Projects/MyGameProject1/Intermediate/Shaders/tmp/F46F0B054091569CA7DD71830205527A/'.
[2015.12.09-17.08.41:292][  0]LogShaderCompilers:Display: Using Local Shader Compiler.
[2015.12.09-17.08.42:949][  0]LogTemp:Display: Loaded TP AllDesktopTargetPlatform
[2015.12.09-17.08.42:965][  0]LogTemp:Display: Loaded TP WindowsClientTargetPlatform
[2015.12.09-17.08.42:981][  0]LogTemp:Display: Loaded TP WindowsNoEditorTargetPlatform
[2015.12.09-17.08.42:998][  0]LogTemp:Display: Loaded TP WindowsServerTargetPlatform
[2015.12.09-17.08.43:014][  0]LogTemp:Display: Loaded TP WindowsTargetPlatform
[2015.12.09-17.08.43:024][  0]LogTemp:Display: Loaded TP AndroidTargetPlatform
[2015.12.09-17.08.43:034][  0]LogTemp:Display: Loaded TP Android_ASTCTargetPlatform
[2015.12.09-17.08.43:044][  0]LogTemp:Display: Loaded TP Android_ATCTargetPlatform
[2015.12.09-17.08.43:054][  0]LogTemp:Display: Loaded TP Android_DXTTargetPlatform
[2015.12.09-17.08.43:064][  0]LogTemp:Display: Loaded TP Android_ETC1TargetPlatform
[2015.12.09-17.08.43:074][  0]LogTemp:Display: Loaded TP Android_ETC2TargetPlatform
[2015.12.09-17.08.43:085][  0]LogTemp:Display: Loaded TP Android_PVRTCTargetPlatform
[2015.12.09-17.08.43:091][  0]LogTemp:Display: Loaded TP HTML5TargetPlatform
[2015.12.09-17.08.43:128][  0]LogTemp:Display: Loaded TP IOSTargetPlatform
[2015.12.09-17.08.43:137][  0]LogTemp:Display: Loaded TP LinuxNoEditorTargetPlatform
[2015.12.09-17.08.43:149][  0]LogTemp:Display: Loaded TP LinuxServerTargetPlatform
[2015.12.09-17.08.43:162][  0]LogTemp:Display: Loaded TP LinuxTargetPlatform
[2015.12.09-17.08.43:163][  0]LogTargetPlatformManager:Display: Building Assets For Windows
[2015.12.09-17.08.43:489][  0]LogDerivedDataCache:Display: Max Cache Size: 512 MB
[2015.12.09-17.08.43:532][  0]LogDerivedDataCache: Loaded boot cache 0.04s 42MB C:/Users/wtang.STAFF/AppData/Local/UnrealEngine/4.9/DerivedDataCache/Boot.ddc.
[2015.12.09-17.08.43:532][  0]LogDerivedDataCache:Display: Loaded Boot cache: C:/Users/wtang.STAFF/AppData/Local/UnrealEngine/4.9/DerivedDataCache/Boot.ddc
[2015.12.09-17.08.43:533][  0]LogDerivedDataCache: FDerivedDataBackendGraph:  Pak pak cache file E:/WenBU/Unreal Projects/MyGameProject1/DerivedDataCache/DDC.ddp not found, will not use a pak cache.
[2015.12.09-17.08.43:533][  0]LogDerivedDataCache: Unable to find inner node Pak for hierarchical cache Hierarchy.
[2015.12.09-17.08.43:533][  0]LogDerivedDataCache: FDerivedDataBackendGraph:  CompressedPak pak cache file E:/WenBU/Unreal Projects/MyGameProject1/DerivedDataCache/Compressed.ddp not found, will not use a pak cache.
[2015.12.09-17.08.43:533][  0]LogDerivedDataCache: Unable to find inner node CompressedPak for hierarchical cache Hierarchy.
[2015.12.09-17.08.43:698][  0]LogDerivedDataCache:Display: Pak cache opened for reading ../../../Engine/DerivedDataCache/Compressed.ddp.
[2015.12.09-17.08.43:718][  0]LogDerivedDataCache: Using Local data cache path C:/Users/wtang.STAFF/AppData/Local/UnrealEngine/Common/DerivedDataCache: Writable
[2015.12.09-17.08.44:306][  0]LogInit: Selected Device Profile: [Windows]
[2015.12.09-17.08.44:313][  0]LogContentStreaming: Texture pool size is 0.000000MB
[2015.12.09-17.08.44:457][  0]LogMeshUtilities: No automatic mesh reduction module available
[2015.12.09-17.08.44:458][  0]LogMeshUtilities: No automatic mesh merging module available
[2015.12.09-17.08.45:227][  0]LogInit: WinSock: version 1.1 (2.2), MaxSocks=32767, MaxUdp=65467
[2015.12.09-17.08.47:163][  0]UdpMessaging: Initializing bridge on interface 0.0.0.0:0 to multicast group 230.0.0.1:6666.
[2015.12.09-17.08.47:273][  0]LogLinker:Warning: Asset 'E:/WenBU/Unreal Projects/MyGameProject1/Content/ThirdPersonCPP/Blueprints/ThirdPersonCharacter.uasset' has been saved with empty engine version. The asset will be loaded but may be incompatible.
[2015.12.09-17.08.47:275][  0]LogLinker:Warning: Asset 'E:/WenBU/Unreal Projects/MyGameProject1/Content/Mannequin/Animations/ThirdPerson_AnimBP.uasset' has been saved with empty engine version. The asset will be loaded but may be incompatible.
[2015.12.09-17.08.47:276][  0]LogLinker:Warning: Asset 'E:/WenBU/Unreal Projects/MyGameProject1/Content/Mannequin/Animations/ThirdPerson_Jump.uasset' has been saved with empty engine version. The asset will be loaded but may be incompatible.
[2015.12.09-17.08.47:279][  0]LogLinker:Warning: Asset 'E:/WenBU/Unreal Projects/MyGameProject1/Content/Mannequin/Animations/ThirdPersonJump_Loop.uasset' has been saved with empty engine version. The asset will be loaded but may be incompatible.
[2015.12.09-17.08.47:281][  0]LogLinker:Warning: Asset 'E:/WenBU/Unreal Projects/MyGameProject1/Content/Mannequin/Animations/ThirdPersonJump_Start.uasset' has been saved with empty engine version. The asset will be loaded but may be incompatible.
[2015.12.09-17.08.47:283][  0]LogLinker:Warning: Asset 'E:/WenBU/Unreal Projects/MyGameProject1/Content/Mannequin/Animations/ThirdPerson_IdleRun_2D.uasset' has been saved with empty engine version. The asset will be loaded but may be incompatible.
[2015.12.09-17.08.47:285][  0]LogLinker:Warning: Asset 'E:/WenBU/Unreal Projects/MyGameProject1/Content/Mannequin/Animations/ThirdPersonIdle.uasset' has been saved with empty engine version. The asset will be loaded but may be incompatible.
[2015.12.09-17.08.47:288][  0]LogLinker:Warning: Asset 'E:/WenBU/Unreal Projects/MyGameProject1/Content/Mannequin/Animations/ThirdPersonRun.uasset' has been saved with empty engine version. The asset will be loaded but may be incompatible.
[2015.12.09-17.08.47:294][  0]LogLinker:Warning: Asset 'E:/WenBU/Unreal Projects/MyGameProject1/Content/Mannequin/Animations/ThirdPersonWalk.uasset' has been saved with empty engine version. The asset will be loaded but may be incompatible.
[2015.12.09-17.08.47:811][  0]LogAssetRegistry: FAssetRegistry took 0.0123 seconds to start up
[2015.12.09-17.08.48:310][  0]SourceControl: Info Source control is disabled
[2015.12.09-17.08.48:327][  0]SourceControl: Info Source control is disabled
[2015.12.09-17.08.48:368][  0]SourceControl: Info Source control is disabled
[2015.12.09-17.08.48:412][  0]SourceControl: Info Source control is disabled
[2015.12.09-17.08.48:944][  0]LogLinker:Warning: Asset '../../../Engine/Plugins/Runtime/LeapMotionController/Content/LM_PassthroughMaterial.uasset' has been saved with empty engine version. The asset will be loaded but may be incompatible.
[2015.12.09-17.08.49:232][  0]LogObj: 31428 objects as part of root set at end of initial load.
[2015.12.09-17.08.49:232][  0]LogUObjectAllocator: 7122296 out of 0 bytes used by permanent object pool.
[2015.12.09-17.08.49:320][  0]LogEngine: Initializing Engine...
[2015.12.09-17.08.49:336][  0]LogHMD: Can't find Oculus library dev build: is proper Runtime installed? Version: 0.7.0.0
[2015.12.09-17.08.49:341][  0]LogHMD: SteamVR failed to initialize.  Err: 110
[2015.12.09-17.08.49:499][  0]LogAIModule: Creating AISystem for world NewWorld
[2015.12.09-17.08.49:513][  0]LogInit: XAudio2 using 'Speakers (Realtek High Definition Audio)' : 2 channels at 48 kHz using 32 bits per sample (channel mask 0x3)
[2015.12.09-17.08.49:558][  0]LogInit: FAudioDevice initialized.
[2015.12.09-17.08.49:604][  0]LogDerivedDataCache: Saved boot cache 0.05s 42MB C:/Users/wtang.STAFF/AppData/Local/UnrealEngine/4.9/DerivedDataCache/Boot.ddc.
[2015.12.09-17.08.49:609][  0]LogInit: Texture streaming: Enabled
[2015.12.09-17.08.49:626][  0]LogAnalytics: Creating configured Analytics provider AnalyticsET
[2015.12.09-17.08.49:626][  0]LogAnalytics: [UEEditor.Rocket.Release] APIServer = http://et2.epicgames.com/ET2/. AppVersion = 4.9.2-2707645+++depot+UE4-Releases+4.9
[2015.12.09-17.08.49:627][  0]LogAnalytics: [UEEditor.Rocket.Release] SetUserId 2ab207f54416abf0d5602ba73c565959|de3bff39eb7e4bfe877607a03793132e|06a000fb-df01-4fab-8049-4bf78193a4e7
[2015.12.09-17.08.49:627][  0]LogAnalytics: [UEEditor.Rocket.Release] AnalyticsET::StartSession
[2015.12.09-17.08.49:657][  0]LogInit: Transaction tracking system initialized
[2015.12.09-17.08.49:758][  0]BlueprintLog: New page: Editor Load
[2015.12.09-17.08.50:202][  0]LocalizationService: Info Localization service is disabled
[2015.12.09-17.08.50:413][  0]LogLinker:Warning: Can't find file '/Game/TwinStickCPP/TwinStickOverview'
[2015.12.09-17.08.50:414][  0]LogLinker:Warning: Can't find file '/Game/TwinStickCPP/TwinStickOverview'
[2015.12.09-17.08.50:414][  0]LogUObjectGlobals:Warning: Failed to find object 'Class /Game/TwinStickCPP/TwinStickOverview.TwinStickOverview_C'
[2015.12.09-17.08.50:449][  0]LogConsoleResponse:Display: 
[2015.12.09-17.08.50:633][  0]LogCook:Display: Done creating registry. It took  0.00s.
[2015.12.09-17.08.50:850][  0]LogFileCache: Scanning file cache for directory 'E:/WenBU/Unreal Projects/MyGameProject1/Content/' took 0.06s
[2015.12.09-17.08.50:851][  0]SourceControl: Info Source control is disabled
[2015.12.09-17.08.50:851][  0]Cmd: MAP LOAD FILE="E:/WenBU/Unreal Projects/MyGameProject1/Content/ThirdPersonCPP/Maps/ThirdPersonExampleMap.umap" TEMPLATE=0 SHOWPROGRESS=1 FEATURELEVEL=3
[2015.12.09-17.08.50:852][  0]LightingResults: New page: Lighting Build
[2015.12.09-17.08.50:859][  0]MapCheck: New page: Map Check
[2015.12.09-17.08.50:859][  0]LightingResults: New page: Lighting Build
[2015.12.09-17.08.50:869][  0]LogParticles: Destroying 0 GPU particle simulations for FXSystem 0x000000001FE62160
[2015.12.09-17.08.52:038][  0]LogAIModule: Creating AISystem for world ThirdPersonExampleMap
[2015.12.09-17.08.52:058][  0]LogEditorServer: Finished looking for orphan Actors (0.000 secs)
[2015.12.09-17.08.52:059][  0]Cmd: MAP CHECKDEP NOCLEARLOG
[2015.12.09-17.08.52:375][  0]MapCheck: Info Map check complete: 0 Error(s), 0 Warning(s), took 315.664ms to complete.
[2015.12.09-17.08.52:376][  0]LogFileHelpers: Loading map 'ThirdPersonExampleMap' took 1.525
[2015.12.09-17.08.52:470][  0]LogCollectionManager: Loaded 0 collections in 0.002872 seconds
[2015.12.09-17.08.52:524][  0]LogFileCache: Scanning file cache for directory 'E:/WenBU/Unreal Projects/MyGameProject1/Saved/Collections/' took 0.01s
[2015.12.09-17.08.52:524][  0]LogFileCache: Scanning file cache for directory 'E:/WenBU/Unreal Projects/MyGameProject1/Content/Developers/wtang/Collections/' took 0.01s
[2015.12.09-17.08.52:525][  0]LogFileCache: Scanning file cache for directory 'E:/WenBU/Unreal Projects/MyGameProject1/Content/Collections/' took 0.01s
[2015.12.09-17.08.52:525][  0]LogContentBrowser: Native class hierarchy populated in 0.0110 seconds. Added 1874 classes and 335 folders.
[2015.12.09-17.08.52:537][  0]LogCollectionManager: Rebuilt the GUID cache for 0 collections in 0.000003 seconds
[2015.12.09-17.08.52:554][  0]LogContentBrowser: Native class hierarchy updated for 'WidgetCarousel' in 0.0046 seconds. Added 0 classes and 0 folders.
[2015.12.09-17.08.52:714][  0]LogContentBrowser: Native class hierarchy updated for 'AddContentDialog' in 0.0044 seconds. Added 0 classes and 0 folders.
[2015.12.09-17.08.52:736][  0]LogContentBrowser: Native class hierarchy updated for 'SceneOutliner' in 0.0045 seconds. Added 1 classes and 2 folders.
[2015.12.09-17.08.52:797][  0]LogCrashTracker: Crashtracker disabled due to settings.
[2015.12.09-17.08.52:801][  0]LogUObjectGlobals:Warning: Failed to find object 'Class None.'
[2015.12.09-17.08.52:826][  0]LogLoad: Full Startup: 15.32 seconds (BP compile: 0.45 seconds)
[2015.12.09-17.08.52:836][  0]LoadErrors:Error: Error /Game/ThirdPersonCPP/Maps/ThirdPersonExampleMap : Failed import for SphereComponent /Game/ThirdPersonCPP/Blueprints/BP_MyProject1Character0.Default__BP_MyProject1Character0_C:CollectionSphere
[2015.12.09-17.08.52:837][  0]LoadErrors:Error: Error /Game/ThirdPersonCPP/Maps/ThirdPersonExampleMap : Failed import for SphereComponent /Game/ThirdPersonCPP/Blueprints/MyChibiCharacter1.Default__MyChibiCharacter1_C:CollectionSphere
[2015.12.09-17.08.52:837][  0]LoadErrors:Error: Error /Game/ThirdPersonCPP/Maps/ThirdPersonExampleMap : Failed import for SphereComponent /Game/ThirdPersonCPP/Blueprints/MyChibiCharacter2.Default__MyChibiCharacter2_C:CollectionSphere
[2015.12.09-17.08.52:838][  0]LoadErrors:Error: Error /Game/ThirdPersonCPP/Maps/ThirdPersonExampleMap : Failed import for SphereComponent /Game/ThirdPersonCPP/Blueprints/MyChibiCharacter3.Default__MyChibiCharacter3_C:CollectionSphere
[2015.12.09-17.08.52:838][  0]LoadErrors:Error: Error /Game/ThirdPersonCPP/Maps/ThirdPersonExampleMap : Failed import for SphereComponent /Game/ThirdPersonCPP/Blueprints/ThirdPersonCharacter.Default__ThirdPersonCharacter_C:CollectionSphere
[2015.12.09-17.08.52:866][  0]LogContentStreaming: Texture pool size now 1000 MB
[2015.12.09-17.08.53:119][  3]LogRenderer: Reallocating scene render targets to support 128x128 (Frame:1).
[2015.12.09-17.08.53:752][  6]LogAssetRegistry: Asset discovery search completed in 5.9533 seconds
[2015.12.09-17.08.53:752][  6]LogCollectionManager: Rebuilt the object cache for 0 collections in 0.000001 seconds (found 0 objects)
[2015.12.09-17.08.53:752][  6]LogCollectionManager: Fixed up redirectors for 0 collections in 0.000307 seconds (updated 0 objects)
[2015.12.09-17.08.59:482][682]LogBlueprintUserMessages: Early PlayInEditor Detection: Level '/Game/ThirdPersonCPP/Maps/ThirdPersonExampleMap.ThirdPersonExampleMap:PersistentLevel' has LevelScriptBlueprint '/Game/ThirdPersonCPP/Maps/ThirdPersonExampleMap.ThirdPersonExampleMap:PersistentLevel.ThirdPersonExampleMap' with GeneratedClass '/Game/ThirdPersonCPP/Maps/ThirdPersonExampleMap.ThirdPersonExampleMap_C' with ClassGeneratedBy '/Game/ThirdPersonCPP/Maps/ThirdPersonExampleMap.ThirdPersonExampleMap:PersistentLevel.ThirdPersonExampleMap'
[2015.12.09-17.08.59:483][682]LogPlayLevel: PlayLevel: No blueprints needed recompiling
[2015.12.09-17.08.59:484][682]PIE: New page: PIE session: ThirdPersonExampleMap (9 Dec 2015 17:08:59)
[2015.12.09-17.08.59:484][682]LogPlayLevel: Creating play world package: /Game/ThirdPersonCPP/Maps/UEDPIE_0_ThirdPersonExampleMap
[2015.12.09-17.08.59:516][682]LogPlayLevel: PIE: StaticDuplicateObject took: (0.032156s)
[2015.12.09-17.08.59:517][682]LogAIModule: Creating AISystem for world ThirdPersonExampleMap
[2015.12.09-17.08.59:518][682]LogPlayLevel: PIE: World Init took: (0.001004s)
[2015.12.09-17.08.59:518][682]LogPlayLevel: PIE: Created PIE world by copying editor world from /Game/ThirdPersonCPP/Maps/ThirdPersonExampleMap.ThirdPersonExampleMap to /Game/ThirdPersonCPP/Maps/UEDPIE_0_ThirdPersonExampleMap.ThirdPersonExampleMap (0.034393s)
[2015.12.09-17.08.59:547][682]LogInit: XAudio2 using 'Speakers (Realtek High Definition Audio)' : 2 channels at 48 kHz using 32 bits per sample (channel mask 0x3)
[2015.12.09-17.08.59:562][682]LogInit: FAudioDevice initialized.
[2015.12.09-17.08.59:634][682]LogWorld: Game class is 'MyGameProject1GameMode'
[2015.12.09-17.08.59:682][682]LogWorld: Bringing World /Game/ThirdPersonCPP/Maps/UEDPIE_0_ThirdPersonExampleMap.ThirdPersonExampleMap up for play (max tick rate 0) at 2015.12.09-17.08.59
[2015.12.09-17.08.59:682][682]LogActor:Warning: GameSession /Game/ThirdPersonCPP/Maps/UEDPIE_0_ThirdPersonExampleMap.ThirdPersonExampleMap:PersistentLevel.GameSession_0 has natively added scene component(s), but none of them were set as the actor's RootComponent - picking one arbitrarily
[2015.12.09-17.08.59:684][682]LogActor:Warning: GameNetworkManager /Game/ThirdPersonCPP/Maps/UEDPIE_0_ThirdPersonExampleMap.ThirdPersonExampleMap:PersistentLevel.GameNetworkManager_0 has natively added scene component(s), but none of them were set as the actor's RootComponent - picking one arbitrarily
[2015.12.09-17.08.59:698][682]LogWorld: Bringing up level for play took: 0.061940
[2015.12.09-17.08.59:710][682]PIE: Info Play in editor start time for /Game/ThirdPersonCPP/Maps/UEDPIE_0_ThirdPersonExampleMap -0.273
[2015.12.09-17.08.59:711][682]LogBlueprintUserMessages: Late PlayInEditor Detection: Level '/Game/ThirdPersonCPP/Maps/ThirdPersonExampleMap.ThirdPersonExampleMap:PersistentLevel' has LevelScriptBlueprint '/Game/ThirdPersonCPP/Maps/ThirdPersonExampleMap.ThirdPersonExampleMap:PersistentLevel.ThirdPersonExampleMap' with GeneratedClass '/Game/ThirdPersonCPP/Maps/ThirdPersonExampleMap.ThirdPersonExampleMap_C' with ClassGeneratedBy '/Game/ThirdPersonCPP/Maps/ThirdPersonExampleMap.ThirdPersonExampleMap:PersistentLevel.ThirdPersonExampleMap'
[2015.12.09-17.08.59:892][684]LogRenderer: Reallocating scene render targets to support 1280x720 (Frame:2).
[2015.12.09-17.09.24:392][441]LogBlueprintUserMessages: Early EndPlayMap Detection: Level '/Game/ThirdPersonCPP/Maps/ThirdPersonExampleMap.ThirdPersonExampleMap:PersistentLevel' has LevelScriptBlueprint '/Game/ThirdPersonCPP/Maps/ThirdPersonExampleMap.ThirdPersonExampleMap:PersistentLevel.ThirdPersonExampleMap' with GeneratedClass '/Game/ThirdPersonCPP/Maps/ThirdPersonExampleMap.ThirdPersonExampleMap_C' with ClassGeneratedBy '/Game/ThirdPersonCPP/Maps/ThirdPersonExampleMap.ThirdPersonExampleMap:PersistentLevel.ThirdPersonExampleMap'
[2015.12.09-17.09.24:461][441]LogBlueprintUserMessages: Late EndPlayMap Detection: Level '/Game/ThirdPersonCPP/Maps/ThirdPersonExampleMap.ThirdPersonExampleMap:PersistentLevel' has LevelScriptBlueprint '/Game/ThirdPersonCPP/Maps/ThirdPersonExampleMap.ThirdPersonExampleMap:PersistentLevel.ThirdPersonExampleMap' with GeneratedClass '/Game/ThirdPersonCPP/Maps/ThirdPersonExampleMap.ThirdPersonExampleMap_C' with ClassGeneratedBy '/Game/ThirdPersonCPP/Maps/ThirdPersonExampleMap.ThirdPersonExampleMap:PersistentLevel.ThirdPersonExampleMap'
[2015.12.09-17.09.24:486][441]LogParticles: Destroying 0 GPU particle simulations for FXSystem 0x0000000028FE1940
[2015.12.09-17.11.17:609][631]LogLinker:Warning: Asset '../../../Engine/Content/ArtTools/RenderToTexture/Macros/RenderToTextureMacros.uasset' has been saved with empty engine version. The asset will be loaded but may be incompatible.
[2015.12.09-17.11.18:507][631]LogContentBrowser: Native class hierarchy updated for 'BlueprintGraph' in 0.0095 seconds. Added 107 classes and 0 folders.
[2015.12.09-17.12.51:857][199]BlueprintLog: New page: Compile NewGameMenu
[2015.12.09-17.12.51:999][199]BlueprintEditorCompileResults: Info [0254.50] Compile of NewGameMenu successful! [in 140 ms]
[2015.12.09-17.12.52:747][253]Cmd: OBJ SAVEPACKAGE PACKAGE="/Game/MyProjectBPs/NewGameMenu" FILE="E:/WenBU/Unreal Projects/MyGameProject1/Content/MyProjectBPs/NewGameMenu.uasset" SILENT=true
[2015.12.09-17.12.53:086][253]LogSavePackage: Save=61.002449ms
[2015.12.09-17.12.53:087][253]LogSavePackage: Moving 'E:/WenBU/Unreal Projects/MyGameProject1/Saved/NewGameMenu492592684878403A1EED06BECC9B52C2.tmp' to 'E:/WenBU/Unreal Projects/MyGameProject1/Content/MyProjectBPs/NewGameMenu.uasset'
[2015.12.09-17.12.53:102][253]LogSavePackage: Total save time: 348.187320ms
[2015.12.09-17.12.53:103][253]LogSavePackage:Warning: Finished SavePackage E:/WenBU/Unreal Projects/MyGameProject1/Content/MyProjectBPs/NewGameMenu.uasset
[2015.12.09-17.14.16:470][908]BlueprintLog: New page: Compile StartMenu
[2015.12.09-17.14.16:532][908]LogActorComponent: UnregisterComponent: (/Engine/Transient.CharMoveComp) Not registered. Aborting.
[2015.12.09-17.14.16:536][908]LogActorComponent: UnregisterComponent: (/Engine/Transient.CharacterMovementComponent_0) Not registered. Aborting.
[2015.12.09-17.14.16:538][908]LogActorComponent: UnregisterComponent: (/Engine/Transient.CharacterMovementComponent_1) Not registered. Aborting.
[2015.12.09-17.14.16:540][908]LogActorComponent: UnregisterComponent: (/Engine/Transient.CharacterMovementComponent_2) Not registered. Aborting.
[2015.12.09-17.14.16:545][908]LogActorComponent: UnregisterComponent: (/Engine/Transient.CharacterMovementComponent_3) Not registered. Aborting.
[2015.12.09-17.14.16:549][908]LogActorComponent: UnregisterComponent: (/Engine/Transient.CharacterMovementComponent_4) Not registered. Aborting.
[2015.12.09-17.14.16:583][908]LogParticles: Destroying 0 GPU particle simulations for FXSystem 0x00000000106DC220
[2015.12.09-17.14.16:603][908]BlueprintEditorCompileResults: Info [0339.11] Compile of StartMenu successful! [in 131 ms]
[2015.12.09-17.14.18:137][987]LogBlueprintUserMessages: Early PlayInEditor Detection: Level '/Game/ThirdPersonCPP/Maps/ThirdPersonExampleMap.ThirdPersonExampleMap:PersistentLevel' has LevelScriptBlueprint '/Game/ThirdPersonCPP/Maps/ThirdPersonExampleMap.ThirdPersonExampleMap:PersistentLevel.ThirdPersonExampleMap' with GeneratedClass '/Game/ThirdPersonCPP/Maps/ThirdPersonExampleMap.ThirdPersonExampleMap_C' with ClassGeneratedBy '/Game/ThirdPersonCPP/Maps/ThirdPersonExampleMap.ThirdPersonExampleMap:PersistentLevel.ThirdPersonExampleMap'
[2015.12.09-17.14.18:138][987]LogPlayLevel: PlayLevel: No blueprints needed recompiling
[2015.12.09-17.14.18:138][987]PIE: New page: PIE session: ThirdPersonExampleMap (9 Dec 2015 17:14:18)
[2015.12.09-17.14.18:138][987]LogPlayLevel: Creating play world package: /Game/ThirdPersonCPP/Maps/UEDPIE_0_ThirdPersonExampleMap
[2015.12.09-17.14.18:177][987]LogPlayLevel: PIE: StaticDuplicateObject took: (0.038797s)
[2015.12.09-17.14.18:179][987]LogAIModule: Creating AISystem for world ThirdPersonExampleMap
[2015.12.09-17.14.18:179][987]LogPlayLevel: PIE: World Init took: (0.000968s)
[2015.12.09-17.14.18:179][987]LogPlayLevel: PIE: Created PIE world by copying editor world from /Game/ThirdPersonCPP/Maps/ThirdPersonExampleMap.ThirdPersonExampleMap to /Game/ThirdPersonCPP/Maps/UEDPIE_0_ThirdPersonExampleMap.ThirdPersonExampleMap (0.041017s)
[2015.12.09-17.14.18:213][987]LogInit: XAudio2 using 'Speakers (Realtek High Definition Audio)' : 2 channels at 48 kHz using 32 bits per sample (channel mask 0x3)
[2015.12.09-17.14.18:231][987]LogInit: FAudioDevice initialized.
[2015.12.09-17.14.18:304][987]LogWorld: Game class is 'MyGameProject1GameMode'
[2015.12.09-17.14.18:361][987]LogWorld: Bringing World /Game/ThirdPersonCPP/Maps/UEDPIE_0_ThirdPersonExampleMap.ThirdPersonExampleMap up for play (max tick rate 0) at 2015.12.09-17.14.18
[2015.12.09-17.14.18:362][987]LogActor:Warning: GameSession /Game/ThirdPersonCPP/Maps/UEDPIE_0_ThirdPersonExampleMap.ThirdPersonExampleMap:PersistentLevel.GameSession_1 has natively added scene component(s), but none of them were set as the actor's RootComponent - picking one arbitrarily
[2015.12.09-17.14.18:364][987]LogActor:Warning: GameNetworkManager /Game/ThirdPersonCPP/Maps/UEDPIE_0_ThirdPersonExampleMap.ThirdPersonExampleMap:PersistentLevel.GameNetworkManager_1 has natively added scene component(s), but none of them were set as the actor's RootComponent - picking one arbitrarily
[2015.12.09-17.14.18:391][987]LogWorld: Bringing up level for play took: 0.084148
[2015.12.09-17.14.18:428][987]PIE: Info Play in editor start time for /Game/ThirdPersonCPP/Maps/UEDPIE_0_ThirdPersonExampleMap 0.457
[2015.12.09-17.14.18:429][987]LogBlueprintUserMessages: Late PlayInEditor Detection: Level '/Game/ThirdPersonCPP/Maps/ThirdPersonExampleMap.ThirdPersonExampleMap:PersistentLevel' has LevelScriptBlueprint '/Game/ThirdPersonCPP/Maps/ThirdPersonExampleMap.ThirdPersonExampleMap:PersistentLevel.ThirdPersonExampleMap' with GeneratedClass '/Game/ThirdPersonCPP/Maps/ThirdPersonExampleMap.ThirdPersonExampleMap_C' with ClassGeneratedBy '/Game/ThirdPersonCPP/Maps/ThirdPersonExampleMap.ThirdPersonExampleMap:PersistentLevel.ThirdPersonExampleMap'
[2015.12.09-17.14.20:757][105]LogBlueprintUserMessages: Early EndPlayMap Detection: Level '/Game/ThirdPersonCPP/Maps/ThirdPersonExampleMap.ThirdPersonExampleMap:PersistentLevel' has LevelScriptBlueprint '/Game/ThirdPersonCPP/Maps/ThirdPersonExampleMap.ThirdPersonExampleMap:PersistentLevel.ThirdPersonExampleMap' with GeneratedClass '/Game/ThirdPersonCPP/Maps/ThirdPersonExampleMap.ThirdPersonExampleMap_C' with ClassGeneratedBy '/Game/ThirdPersonCPP/Maps/ThirdPersonExampleMap.ThirdPersonExampleMap:PersistentLevel.ThirdPersonExampleMap'
[2015.12.09-17.14.20:846][105]LogBlueprintUserMessages: Late EndPlayMap Detection: Level '/Game/ThirdPersonCPP/Maps/ThirdPersonExampleMap.ThirdPersonExampleMap:PersistentLevel' has LevelScriptBlueprint '/Game/ThirdPersonCPP/Maps/ThirdPersonExampleMap.ThirdPersonExampleMap:PersistentLevel.ThirdPersonExampleMap' with GeneratedClass '/Game/ThirdPersonCPP/Maps/ThirdPersonExampleMap.ThirdPersonExampleMap_C' with ClassGeneratedBy '/Game/ThirdPersonCPP/Maps/ThirdPersonExampleMap.ThirdPersonExampleMap:PersistentLevel.ThirdPersonExampleMap'
[2015.12.09-17.14.20:939][106]LogParticles: Destroying 0 GPU particle simulations for FXSystem 0x00000000393B6C00
[2015.12.09-17.14.28:081][622]LogActor:Warning: GameNetworkManager /Engine/Transient.World_6:PersistentLevel.GameNetworkManager_2 has natively added scene component(s), but none of them were set as the actor's RootComponent - picking one arbitrarily
[2015.12.09-17.14.48:781][740]Cmd: UpdateLandscapeSetup
[2015.12.09-17.15.07:853][786]LogSlate:Warning: Prevented a slow task dialog from being summoned while a context menu was open
[2015.12.09-17.15.17:744][859]LogBlueprintUserMessages: Early PlayInEditor Detection: Level '/Game/ThirdPersonCPP/Maps/ThirdPersonExampleMap.ThirdPersonExampleMap:PersistentLevel' has LevelScriptBlueprint '/Game/ThirdPersonCPP/Maps/ThirdPersonExampleMap.ThirdPersonExampleMap:PersistentLevel.ThirdPersonExampleMap' with GeneratedClass '/Game/ThirdPersonCPP/Maps/ThirdPersonExampleMap.ThirdPersonExampleMap_C' with ClassGeneratedBy '/Game/ThirdPersonCPP/Maps/ThirdPersonExampleMap.ThirdPersonExampleMap:PersistentLevel.ThirdPersonExampleMap'
[2015.12.09-17.15.17:745][859]LogPlayLevel: PlayLevel: No blueprints needed recompiling
[2015.12.09-17.15.17:746][859]PIE: New page: PIE session: ThirdPersonExampleMap (9 Dec 2015 17:15:17)
[2015.12.09-17.15.17:746][859]LogPlayLevel: Creating play world package: /Game/ThirdPersonCPP/Maps/UEDPIE_0_ThirdPersonExampleMap
[2015.12.09-17.15.17:796][859]LogPlayLevel: PIE: StaticDuplicateObject took: (0.048753s)
[2015.12.09-17.15.17:798][859]LogAIModule: Creating AISystem for world ThirdPersonExampleMap
[2015.12.09-17.15.17:799][859]LogPlayLevel: PIE: World Init took: (0.002005s)
[2015.12.09-17.15.17:800][859]LogPlayLevel: PIE: Created PIE world by copying editor world from /Game/ThirdPersonCPP/Maps/ThirdPersonExampleMap.ThirdPersonExampleMap to /Game/ThirdPersonCPP/Maps/UEDPIE_0_ThirdPersonExampleMap.ThirdPersonExampleMap (0.053395s)
[2015.12.09-17.15.17:831][859]LogParticles: Destroying 0 GPU particle simulations for FXSystem 0x0000000038CB9300
[2015.12.09-17.15.17:843][859]LogParticles: Destroying 0 GPU particle simulations for FXSystem 0x000000001074D4E0
[2015.12.09-17.15.17:844][859]LogInit: XAudio2 using 'Speakers (Realtek High Definition Audio)' : 2 channels at 48 kHz using 32 bits per sample (channel mask 0x3)
[2015.12.09-17.15.17:868][859]LogInit: FAudioDevice initialized.
[2015.12.09-17.15.17:928][859]LogWorld: Game class is 'StartMenuMode_C'
[2015.12.09-17.15.17:978][859]LogWorld: Bringing World /Game/ThirdPersonCPP/Maps/UEDPIE_0_ThirdPersonExampleMap.ThirdPersonExampleMap up for play (max tick rate 0) at 2015.12.09-17.15.17
[2015.12.09-17.15.17:979][859]LogActor:Warning: GameSession /Game/ThirdPersonCPP/Maps/UEDPIE_0_ThirdPersonExampleMap.ThirdPersonExampleMap:PersistentLevel.GameSession_2 has natively added scene component(s), but none of them were set as the actor's RootComponent - picking one arbitrarily
[2015.12.09-17.15.17:980][859]LogActor:Warning: GameNetworkManager /Game/ThirdPersonCPP/Maps/UEDPIE_0_ThirdPersonExampleMap.ThirdPersonExampleMap:PersistentLevel.GameNetworkManager_3 has natively added scene component(s), but none of them were set as the actor's RootComponent - picking one arbitrarily
[2015.12.09-17.15.17:991][859]LogWorld: Bringing up level for play took: 0.060509
[2015.12.09-17.15.18:002][859]PIE: Info Play in editor start time for /Game/ThirdPersonCPP/Maps/UEDPIE_0_ThirdPersonExampleMap 0.033
[2015.12.09-17.15.18:003][859]LogBlueprintUserMessages: Late PlayInEditor Detection: Level '/Game/ThirdPersonCPP/Maps/ThirdPersonExampleMap.ThirdPersonExampleMap:PersistentLevel' has LevelScriptBlueprint '/Game/ThirdPersonCPP/Maps/ThirdPersonExampleMap.ThirdPersonExampleMap:PersistentLevel.ThirdPersonExampleMap' with GeneratedClass '/Game/ThirdPersonCPP/Maps/ThirdPersonExampleMap.ThirdPersonExampleMap_C' with ClassGeneratedBy '/Game/ThirdPersonCPP/Maps/ThirdPersonExampleMap.ThirdPersonExampleMap:PersistentLevel.ThirdPersonExampleMap'
[2015.12.09-17.15.25:557][386]LogBlueprintUserMessages: Early EndPlayMap Detection: Level '/Game/ThirdPersonCPP/Maps/ThirdPersonExampleMap.ThirdPersonExampleMap:PersistentLevel' has LevelScriptBlueprint '/Game/ThirdPersonCPP/Maps/ThirdPersonExampleMap.ThirdPersonExampleMap:PersistentLevel.ThirdPersonExampleMap' with GeneratedClass '/Game/ThirdPersonCPP/Maps/ThirdPersonExampleMap.ThirdPersonExampleMap_C' with ClassGeneratedBy '/Game/ThirdPersonCPP/Maps/ThirdPersonExampleMap.ThirdPersonExampleMap:PersistentLevel.ThirdPersonExampleMap'
[2015.12.09-17.15.25:640][386]LogBlueprintUserMessages: Late EndPlayMap Detection: Level '/Game/ThirdPersonCPP/Maps/ThirdPersonExampleMap.ThirdPersonExampleMap:PersistentLevel' has LevelScriptBlueprint '/Game/ThirdPersonCPP/Maps/ThirdPersonExampleMap.ThirdPersonExampleMap:PersistentLevel.ThirdPersonExampleMap' with GeneratedClass '/Game/ThirdPersonCPP/Maps/ThirdPersonExampleMap.ThirdPersonExampleMap_C' with ClassGeneratedBy '/Game/ThirdPersonCPP/Maps/ThirdPersonExampleMap.ThirdPersonExampleMap:PersistentLevel.ThirdPersonExampleMap'
[2015.12.09-17.15.25:682][386]LogParticles: Destroying 0 GPU particle simulations for FXSystem 0x0000000007242480
[2015.12.09-17.15.26:882][518]LogBlueprintUserMessages: Early PlayInEditor Detection: Level '/Game/ThirdPersonCPP/Maps/ThirdPersonExampleMap.ThirdPersonExampleMap:PersistentLevel' has LevelScriptBlueprint '/Game/ThirdPersonCPP/Maps/ThirdPersonExampleMap.ThirdPersonExampleMap:PersistentLevel.ThirdPersonExampleMap' with GeneratedClass '/Game/ThirdPersonCPP/Maps/ThirdPersonExampleMap.ThirdPersonExampleMap_C' with ClassGeneratedBy '/Game/ThirdPersonCPP/Maps/ThirdPersonExampleMap.ThirdPersonExampleMap:PersistentLevel.ThirdPersonExampleMap'
[2015.12.09-17.15.26:883][518]LogPlayLevel: PlayLevel: No blueprints needed recompiling
[2015.12.09-17.15.26:883][518]PIE: New page: PIE session: ThirdPersonExampleMap (9 Dec 2015 17:15:26)
[2015.12.09-17.15.26:883][518]LogPlayLevel: Creating play world package: /Game/ThirdPersonCPP/Maps/UEDPIE_0_ThirdPersonExampleMap
[2015.12.09-17.15.26:914][518]LogPlayLevel: PIE: StaticDuplicateObject took: (0.030581s)
[2015.12.09-17.15.26:915][518]LogAIModule: Creating AISystem for world ThirdPersonExampleMap
[2015.12.09-17.15.26:916][518]LogPlayLevel: PIE: World Init took: (0.001043s)
[2015.12.09-17.15.26:916][518]LogPlayLevel: PIE: Created PIE world by copying editor world from /Game/ThirdPersonCPP/Maps/ThirdPersonExampleMap.ThirdPersonExampleMap to /Game/ThirdPersonCPP/Maps/UEDPIE_0_ThirdPersonExampleMap.ThirdPersonExampleMap (0.033023s)
[2015.12.09-17.15.26:952][518]LogInit: XAudio2 using 'Speakers (Realtek High Definition Audio)' : 2 channels at 48 kHz using 32 bits per sample (channel mask 0x3)
[2015.12.09-17.15.26:971][518]LogInit: FAudioDevice initialized.
[2015.12.09-17.15.27:036][518]LogWorld: Game class is 'StartMenuMode_C'
[2015.12.09-17.15.27:102][518]LogWorld: Bringing World /Game/ThirdPersonCPP/Maps/UEDPIE_0_ThirdPersonExampleMap.ThirdPersonExampleMap up for play (max tick rate 0) at 2015.12.09-17.15.27
[2015.12.09-17.15.27:103][518]LogActor:Warning: GameSession /Game/ThirdPersonCPP/Maps/UEDPIE_0_ThirdPersonExampleMap.ThirdPersonExampleMap:PersistentLevel.GameSession_3 has natively added scene component(s), but none of them were set as the actor's RootComponent - picking one arbitrarily
[2015.12.09-17.15.27:105][518]LogActor:Warning: GameNetworkManager /Game/ThirdPersonCPP/Maps/UEDPIE_0_ThirdPersonExampleMap.ThirdPersonExampleMap:PersistentLevel.GameNetworkManager_4 has natively added scene component(s), but none of them were set as the actor's RootComponent - picking one arbitrarily
[2015.12.09-17.15.27:118][518]LogWorld: Bringing up level for play took: 0.079206
[2015.12.09-17.15.27:146][518]PIE: Info Play in editor start time